# JRE version: OpenJDK Runtime Environment (17.0.6) (build 17.0.6+0-17.0.6b802.4-9586694)
# Java VM: OpenJDK 64-Bit Server VM (17.0.6+0-17.0.6b802.4-9586694, mixed mode, tiered, compressed oops, compressed class ptrs, g1 gc, linux-amd64)
GC Precious Log:
 CPUs: 4 total, 4 available
 Memory: 3841M
 Large Page Support: Disabled
 NUMA Support: Disabled
 Compressed Oops: Enabled (32-bit)
 Heap Region Size: 1M
 Heap Min Capacity: 8M
 Heap Initial Capacity: 62M
 Heap Max Capacity: 2G
 Pre-touch: Disabled
 Parallel Workers: 4
 Concurrent Workers: 1
 Concurrent Refinement Workers: 4
 Periodic GC: Disabled
Heap:
 garbage-first heap   total 406528K, used 170893K [0x0000000080000000, 0x0000000100000000)
  region size 1024K, 3 young (3072K), 3 survivors (3072K)
 Metaspace       used 138245K, committed 139136K, reserved 1171456K
  class space    used 18425K, committed 18880K, reserved 1048576K
GC Heap History (20 events):
Event: 225.509 GC heap after
{Heap after GC invocations=67 (full 0):
 garbage-first heap   total 406528K, used 139224K [0x0000000080000000, 0x0000000100000000)
  region size 1024K, 13 young (13312K), 13 survivors (13312K)
 Metaspace       used 109649K, committed 110272K, reserved 1146880K
  class space    used 14548K, committed 14848K, reserved 1048576K
}
Event: 225.898 GC heap before
{Heap before GC invocations=67 (full 0):
 garbage-first heap   total 406528K, used 144344K [0x0000000080000000, 0x0000000100000000)
  region size 1024K, 19 young (19456K), 13 survivors (13312K)
 Metaspace       used 109651K, committed 110272K, reserved 1146880K
  class space    used 14548K, committed 14848K, reserved 1048576K
}
Event: 225.914 GC heap after
{Heap after GC invocations=68 (full 0):
 garbage-first heap   total 406528K, used 136855K [0x0000000080000000, 0x0000000100000000)
  region size 1024K, 2 young (2048K), 2 survivors (2048K)
 Metaspace       used 109651K, committed 110272K, reserved 1146880K
  class space    used 14548K, committed 14848K, reserved 1048576K
}
Event: 248.585 GC heap before
{Heap before GC invocations=68 (full 0):
 garbage-first heap   total 406528K, used 318103K [0x0000000080000000, 0x0000000100000000)
  region size 1024K, 180 young (184320K), 2 survivors (2048K)
 Metaspace       used 114283K, committed 115008K, reserved 1155072K
  class space    used 15077K, committed 15424K, reserved 1048576K
}
Event: 248.601 GC heap after
{Heap after GC invocations=69 (full 0):
 garbage-first heap   total 406528K, used 142277K [0x0000000080000000, 0x0000000100000000)
  region size 1024K, 8 young (8192K), 8 survivors (8192K)
 Metaspace       used 114283K, committed 115008K, reserved 1155072K
  class space    used 15077K, committed 15424K, reserved 1048576K
}
Event: 270.987 GC heap before
{Heap before GC invocations=69 (full 0):
 garbage-first heap   total 406528K, used 211909K [0x0000000080000000, 0x0000000100000000)
  region size 1024K, 77 young (78848K), 8 survivors (8192K)
 Metaspace       used 117702K, committed 118464K, reserved 1155072K
  class space    used 15565K, committed 15936K, reserved 1048576K
}
Event: 271.070 GC heap after
{Heap after GC invocations=70 (full 0):
 garbage-first heap   total 406528K, used 147131K [0x0000000080000000, 0x0000000100000000)
  region size 1024K, 12 young (12288K), 12 survivors (12288K)
 Metaspace       used 117702K, committed 118464K, reserved 1155072K
  class space    used 15565K, committed 15936K, reserved 1048576K
}
Event: 279.616 GC heap before
{Heap before GC invocations=71 (full 0):
 garbage-first heap   total 406528K, used 345787K [0x0000000080000000, 0x0000000100000000)
  region size 1024K, 190 young (194560K), 12 survivors (12288K)
 Metaspace       used 135562K, committed 136384K, reserved 1171456K
  class space    used 18215K, committed 18624K, reserved 1048576K
}
Event: 279.638 GC heap after
{Heap after GC invocations=72 (full 0):
 garbage-first heap   total 406528K, used 148155K [0x0000000080000000, 0x0000000100000000)
  region size 1024K, 15 young (15360K), 15 survivors (15360K)
 Metaspace       used 135562K, committed 136384K, reserved 1171456K
  class space    used 18215K, committed 18624K, reserved 1048576K
}
Event: 387.154 GC heap before
{Heap before GC invocations=72 (full 0):
 garbage-first heap   total 406528K, used 152251K [0x0000000080000000, 0x0000000100000000)
  region size 1024K, 19 young (19456K), 15 survivors (15360K)
 Metaspace       used 135698K, committed 136512K, reserved 1171456K
  class space    used 18224K, committed 18624K, reserved 1048576K
}
Event: 387.177 GC heap after
{Heap after GC invocations=73 (full 0):
 garbage-first heap   total 406528K, used 137889K [0x0000000080000000, 0x0000000100000000)
  region size 1024K, 2 young (2048K), 2 survivors (2048K)
 Metaspace       used 135698K, committed 136512K, reserved 1171456K
  class space    used 18224K, committed 18624K, reserved 1048576K
}
Event: 891.007 GC heap before
{Heap before GC invocations=73 (full 0):
 garbage-first heap   total 406528K, used 368289K [0x0000000080000000, 0x0000000100000000)
  region size 1024K, 195 young (199680K), 2 survivors (2048K)
 Metaspace       used 138041K, committed 139008K, reserved 1171456K
  class space    used 18423K, committed 18880K, reserved 1048576K
}
Event: 895.689 GC heap after
{Heap after GC invocations=74 (full 0):
 garbage-first heap   total 406528K, used 141462K [0x0000000080000000, 0x0000000100000000)
  region size 1024K, 6 young (6144K), 6 survivors (6144K)
 Metaspace       used 138041K, committed 139008K, reserved 1171456K
  class space    used 18423K, committed 18880K, reserved 1048576K
}
Event: 906.885 GC heap before
{Heap before GC invocations=74 (full 0):
 garbage-first heap   total 406528K, used 153750K [0x0000000080000000, 0x0000000100000000)
  region size 1024K, 19 young (19456K), 6 survivors (6144K)
 Metaspace       used 138128K, committed 139072K, reserved 1171456K
  class space    used 18424K, committed 18880K, reserved 1048576K
}
Event: 908.084 GC heap after
{Heap after GC invocations=75 (full 0):
 garbage-first heap   total 406528K, used 144265K [0x0000000080000000, 0x0000000100000000)
  region size 1024K, 3 young (3072K), 3 survivors (3072K)
 Metaspace       used 138128K, committed 139072K, reserved 1171456K
  class space    used 18424K, committed 18880K, reserved 1048576K
}
Event: 916.379 GC heap before
{Heap before GC invocations=75 (full 0):
 garbage-first heap   total 406528K, used 161673K [0x0000000080000000, 0x0000000100000000)
  region size 1024K, 19 young (19456K), 3 survivors (3072K)
 Metaspace       used 138170K, committed 139072K, reserved 1171456K
  class space    used 18424K, committed 18880K, reserved 1048576K
}
Event: 919.250 GC heap after
{Heap after GC invocations=76 (full 0):
 garbage-first heap   total 406528K, used 151987K [0x0000000080000000, 0x0000000100000000)
  region size 1024K, 3 young (3072K), 3 survivors (3072K)
 Metaspace       used 138170K, committed 139072K, reserved 1171456K
  class space    used 18424K, committed 18880K, reserved 1048576K
}
Event: 921.414 GC heap before
{Heap before GC invocations=76 (full 0):
 garbage-first heap   total 406528K, used 167347K [0x0000000080000000, 0x0000000100000000)
  region size 1024K, 19 young (19456K), 3 survivors (3072K)
 Metaspace       used 138199K, committed 139136K, reserved 1171456K
  class space    used 18424K, committed 18880K, reserved 1048576K
}
Event: 922.015 GC heap after
{Heap after GC invocations=77 (full 0):
 garbage-first heap   total 406528K, used 162816K [0x0000000080000000, 0x0000000100000000)
  region size 1024K, 3 young (3072K), 3 survivors (3072K)
 Metaspace       used 138199K, committed 139136K, reserved 1171456K
  class space    used 18424K, committed 18880K, reserved 1048576K
}
Event: 930.162 GC heap before
{Heap before GC invocations=77 (full 0):
 garbage-first heap   total 406528K, used 179200K [0x0000000080000000, 0x0000000100000000)
  region size 1024K, 19 young (19456K), 3 survivors (3072K)
 Metaspace       used 138245K, committed 139136K, reserved 1171456K
  class space    used 18425K, committed 18880K, reserved 1048576K
}

