# JRE version: OpenJDK Runtime Environment (17.0.6) (build 17.0.6+0-17.0.6b802.4-9586694)
# Java VM: OpenJDK 64-Bit Server VM (17.0.6+0-17.0.6b802.4-9586694, mixed mode, tiered, compressed oops, compressed class ptrs, g1 gc, linux-amd64)
GC Precious Log:
 CPUs: 4 total, 4 available
 Memory: 3841M
 Large Page Support: Disabled
 NUMA Support: Disabled
 Compressed Oops: Enabled (32-bit)
 Heap Region Size: 1M
 Heap Min Capacity: 8M
 Heap Initial Capacity: 62M
 Heap Max Capacity: 2G
 Pre-touch: Disabled
 Parallel Workers: 4
 Concurrent Workers: 1
 Concurrent Refinement Workers: 4
 Periodic GC: Disabled
Heap:
 garbage-first heap   total 65536K, used 48106K [0x0000000080000000, 0x0000000100000000)
  region size 1024K, 1 young (1024K), 1 survivors (1024K)
 Metaspace       used 51823K, committed 52288K, reserved 1097728K
  class space    used 6920K, committed 7168K, reserved 1048576K
GC Heap History (20 events):
Event: 69.321 GC heap after
{Heap after GC invocations=14 (full 0):
 garbage-first heap   total 63488K, used 32267K [0x0000000080000000, 0x0000000100000000)
  region size 1024K, 2 young (2048K), 2 survivors (2048K)
 Metaspace       used 43417K, committed 43776K, reserved 1089536K
  class space    used 5740K, committed 5888K, reserved 1048576K
}
Event: 80.011 GC heap before
{Heap before GC invocations=14 (full 0):
 garbage-first heap   total 63488K, used 48651K [0x0000000080000000, 0x0000000100000000)
  region size 1024K, 19 young (19456K), 2 survivors (2048K)
 Metaspace       used 45854K, committed 46272K, reserved 1089536K
  class space    used 6123K, committed 6272K, reserved 1048576K
}
Event: 80.030 GC heap after
{Heap after GC invocations=15 (full 0):
 garbage-first heap   total 63488K, used 33754K [0x0000000080000000, 0x0000000100000000)
  region size 1024K, 2 young (2048K), 2 survivors (2048K)
 Metaspace       used 45854K, committed 46272K, reserved 1089536K
  class space    used 6123K, committed 6272K, reserved 1048576K
}
Event: 87.457 GC heap before
{Heap before GC invocations=16 (full 0):
 garbage-first heap   total 63488K, used 51162K [0x0000000080000000, 0x0000000100000000)
  region size 1024K, 18 young (18432K), 2 survivors (2048K)
 Metaspace       used 48316K, committed 48768K, reserved 1097728K
  class space    used 6435K, committed 6656K, reserved 1048576K
}
Event: 87.478 GC heap after
{Heap after GC invocations=17 (full 0):
 garbage-first heap   total 63488K, used 34152K [0x0000000080000000, 0x0000000100000000)
  region size 1024K, 2 young (2048K), 2 survivors (2048K)
 Metaspace       used 48316K, committed 48768K, reserved 1097728K
  class space    used 6435K, committed 6656K, reserved 1048576K
}
Event: 87.528 GC heap before
{Heap before GC invocations=17 (full 0):
 garbage-first heap   total 63488K, used 34152K [0x0000000080000000, 0x0000000100000000)
  region size 1024K, 3 young (3072K), 2 survivors (2048K)
 Metaspace       used 48475K, committed 48896K, reserved 1097728K
  class space    used 6450K, committed 6656K, reserved 1048576K
}
Event: 87.534 GC heap after
{Heap after GC invocations=18 (full 0):
 garbage-first heap   total 63488K, used 33520K [0x0000000080000000, 0x0000000100000000)
  region size 1024K, 1 young (1024K), 1 survivors (1024K)
 Metaspace       used 48475K, committed 48896K, reserved 1097728K
  class space    used 6450K, committed 6656K, reserved 1048576K
}
Event: 95.092 GC heap before
{Heap before GC invocations=18 (full 0):
 garbage-first heap   total 63488K, used 49904K [0x0000000080000000, 0x0000000100000000)
  region size 1024K, 17 young (17408K), 1 survivors (1024K)
 Metaspace       used 50586K, committed 51008K, reserved 1097728K
  class space    used 6766K, committed 6976K, reserved 1048576K
}
Event: 95.130 GC heap after
{Heap after GC invocations=19 (full 0):
 garbage-first heap   total 63488K, used 34351K [0x0000000080000000, 0x0000000100000000)
  region size 1024K, 2 young (2048K), 2 survivors (2048K)
 Metaspace       used 50586K, committed 51008K, reserved 1097728K
  class space    used 6766K, committed 6976K, reserved 1048576K
}
Event: 106.590 GC heap before
{Heap before GC invocations=20 (full 0):
 garbage-first heap   total 63488K, used 50735K [0x0000000080000000, 0x0000000100000000)
  region size 1024K, 18 young (18432K), 2 survivors (2048K)
 Metaspace       used 51282K, committed 51712K, reserved 1097728K
  class space    used 6858K, committed 7040K, reserved 1048576K
}
Event: 106.739 GC heap after
{Heap after GC invocations=21 (full 0):
 garbage-first heap   total 63488K, used 36097K [0x0000000080000000, 0x0000000100000000)
  region size 1024K, 3 young (3072K), 3 survivors (3072K)
 Metaspace       used 51282K, committed 51712K, reserved 1097728K
  class space    used 6858K, committed 7040K, reserved 1048576K
}
Event: 113.835 GC heap before
{Heap before GC invocations=21 (full 0):
 garbage-first heap   total 63488K, used 36097K [0x0000000080000000, 0x0000000100000000)
  region size 1024K, 4 young (4096K), 3 survivors (3072K)
 Metaspace       used 51289K, committed 51712K, reserved 1097728K
  class space    used 6858K, committed 7040K, reserved 1048576K
}
Event: 113.845 GC heap after
{Heap after GC invocations=22 (full 0):
 garbage-first heap   total 63488K, used 36090K [0x0000000080000000, 0x0000000100000000)
  region size 1024K, 1 young (1024K), 1 survivors (1024K)
 Metaspace       used 51289K, committed 51712K, reserved 1097728K
  class space    used 6858K, committed 7040K, reserved 1048576K
}
Event: 152.774 GC heap before
{Heap before GC invocations=22 (full 0):
 garbage-first heap   total 63488K, used 48378K [0x0000000080000000, 0x0000000100000000)
  region size 1024K, 15 young (15360K), 1 survivors (1024K)
 Metaspace       used 51701K, committed 52160K, reserved 1097728K
  class space    used 6908K, committed 7104K, reserved 1048576K
}
Event: 166.382 GC heap after
{Heap after GC invocations=23 (full 0):
 garbage-first heap   total 63488K, used 36671K [0x0000000080000000, 0x0000000100000000)
  region size 1024K, 1 young (1024K), 1 survivors (1024K)
 Metaspace       used 51701K, committed 52160K, reserved 1097728K
  class space    used 6908K, committed 7104K, reserved 1048576K
}
Event: 178.977 GC heap before
{Heap before GC invocations=24 (full 0):
 garbage-first heap   total 65536K, used 40767K [0x0000000080000000, 0x0000000100000000)
  region size 1024K, 3 young (3072K), 1 survivors (1024K)
 Metaspace       used 51721K, committed 52224K, reserved 1097728K
  class space    used 6911K, committed 7168K, reserved 1048576K
}
Event: 181.150 GC heap after
{Heap after GC invocations=25 (full 0):
 garbage-first heap   total 65536K, used 40960K [0x0000000080000000, 0x0000000100000000)
  region size 1024K, 1 young (1024K), 1 survivors (1024K)
 Metaspace       used 51721K, committed 52224K, reserved 1097728K
  class space    used 6911K, committed 7168K, reserved 1048576K
}
Event: 192.851 GC heap before
{Heap before GC invocations=25 (full 0):
 garbage-first heap   total 65536K, used 44032K [0x0000000080000000, 0x0000000100000000)
  region size 1024K, 3 young (3072K), 1 survivors (1024K)
 Metaspace       used 51810K, committed 52288K, reserved 1097728K
  class space    used 6920K, committed 7168K, reserved 1048576K
}
Event: 193.847 GC heap after
{Heap after GC invocations=26 (full 0):
 garbage-first heap   total 65536K, used 42457K [0x0000000080000000, 0x0000000100000000)
  region size 1024K, 1 young (1024K), 1 survivors (1024K)
 Metaspace       used 51810K, committed 52288K, reserved 1097728K
  class space    used 6920K, committed 7168K, reserved 1048576K
}
Event: 202.940 GC heap before
{Heap before GC invocations=26 (full 0):
 garbage-first heap   total 65536K, used 47577K [0x0000000080000000, 0x0000000100000000)
  region size 1024K, 3 young (3072K), 1 survivors (1024K)
 Metaspace       used 51823K, committed 52288K, reserved 1097728K
  class space    used 6920K, committed 7168K, reserved 1048576K
}

