# JRE version: OpenJDK Runtime Environment (17.0.6) (build 17.0.6+0-17.0.6b802.4-9586694)
# Java VM: OpenJDK 64-Bit Server VM (17.0.6+0-17.0.6b802.4-9586694, mixed mode, tiered, compressed oops, compressed class ptrs, g1 gc, linux-amd64)
GC Precious Log:
 CPUs: 4 total, 4 available
 Memory: 3841M
 Large Page Support: Disabled
 NUMA Support: Disabled
 Compressed Oops: Enabled (32-bit)
 Heap Region Size: 1M
 Heap Min Capacity: 8M
 Heap Initial Capacity: 62M
 Heap Max Capacity: 2G
 Pre-touch: Disabled
 Parallel Workers: 4
 Concurrent Workers: 1
 Concurrent Refinement Workers: 4
 Periodic GC: Disabled
Heap:
 garbage-first heap   total 181248K, used 117760K [0x0000000080000000, 0x0000000100000000)
  region size 1024K, 1 young (1024K), 1 survivors (1024K)
 Metaspace       used 100442K, committed 101120K, reserved 1138688K
  class space    used 13718K, committed 14016K, reserved 1048576K
GC Heap History (20 events):
Event: 102.855 GC heap after
{Heap after GC invocations=64 (full 0):
 garbage-first heap   total 181248K, used 78637K [0x0000000080000000, 0x0000000100000000)
  region size 1024K, 3 young (3072K), 3 survivors (3072K)
 Metaspace       used 91489K, committed 92096K, reserved 1130496K
  class space    used 12533K, committed 12864K, reserved 1048576K
}
Event: 103.759 GC heap before
{Heap before GC invocations=64 (full 0):
 garbage-first heap   total 181248K, used 90925K [0x0000000080000000, 0x0000000100000000)
  region size 1024K, 15 young (15360K), 3 survivors (3072K)
 Metaspace       used 91509K, committed 92096K, reserved 1130496K
  class space    used 12534K, committed 12864K, reserved 1048576K
}
Event: 103.932 GC heap after
{Heap after GC invocations=65 (full 0):
 garbage-first heap   total 181248K, used 80522K [0x0000000080000000, 0x0000000100000000)
  region size 1024K, 2 young (2048K), 2 survivors (2048K)
 Metaspace       used 91509K, committed 92096K, reserved 1130496K
  class space    used 12534K, committed 12864K, reserved 1048576K
}
Event: 104.464 GC heap before
{Heap before GC invocations=66 (full 0):
 garbage-first heap   total 181248K, used 95882K [0x0000000080000000, 0x0000000100000000)
  region size 1024K, 17 young (17408K), 2 survivors (2048K)
 Metaspace       used 91552K, committed 92224K, reserved 1130496K
  class space    used 12537K, committed 12864K, reserved 1048576K
}
Event: 104.474 GC heap after
{Heap after GC invocations=67 (full 0):
 garbage-first heap   total 181248K, used 83047K [0x0000000080000000, 0x0000000100000000)
  region size 1024K, 3 young (3072K), 3 survivors (3072K)
 Metaspace       used 91552K, committed 92224K, reserved 1130496K
  class space    used 12537K, committed 12864K, reserved 1048576K
}
Event: 104.517 GC heap before
{Heap before GC invocations=67 (full 0):
 garbage-first heap   total 181248K, used 88167K [0x0000000080000000, 0x0000000100000000)
  region size 1024K, 8 young (8192K), 3 survivors (3072K)
 Metaspace       used 91562K, committed 92224K, reserved 1130496K
  class space    used 12539K, committed 12864K, reserved 1048576K
}
Event: 104.526 GC heap after
{Heap after GC invocations=68 (full 0):
 garbage-first heap   total 181248K, used 83860K [0x0000000080000000, 0x0000000100000000)
  region size 1024K, 1 young (1024K), 1 survivors (1024K)
 Metaspace       used 91562K, committed 92224K, reserved 1130496K
  class space    used 12539K, committed 12864K, reserved 1048576K
}
Event: 122.397 GC heap before
{Heap before GC invocations=68 (full 0):
 garbage-first heap   total 181248K, used 125844K [0x0000000080000000, 0x0000000100000000)
  region size 1024K, 42 young (43008K), 1 survivors (1024K)
 Metaspace       used 94015K, committed 94656K, reserved 1130496K
  class space    used 12976K, committed 13312K, reserved 1048576K
}
Event: 122.411 GC heap after
{Heap after GC invocations=69 (full 0):
 garbage-first heap   total 181248K, used 88755K [0x0000000080000000, 0x0000000100000000)
  region size 1024K, 6 young (6144K), 6 survivors (6144K)
 Metaspace       used 94015K, committed 94656K, reserved 1130496K
  class space    used 12976K, committed 13312K, reserved 1048576K
}
Event: 126.945 GC heap before
{Heap before GC invocations=70 (full 0):
 garbage-first heap   total 181248K, used 115379K [0x0000000080000000, 0x0000000100000000)
  region size 1024K, 33 young (33792K), 6 survivors (6144K)
 Metaspace       used 94201K, committed 94848K, reserved 1130496K
  class space    used 12977K, committed 13312K, reserved 1048576K
}
Event: 126.961 GC heap after
{Heap after GC invocations=71 (full 0):
 garbage-first heap   total 181248K, used 91107K [0x0000000080000000, 0x0000000100000000)
  region size 1024K, 3 young (3072K), 3 survivors (3072K)
 Metaspace       used 94201K, committed 94848K, reserved 1130496K
  class space    used 12977K, committed 13312K, reserved 1048576K
}
Event: 127.657 GC heap before
{Heap before GC invocations=71 (full 0):
 garbage-first heap   total 181248K, used 95203K [0x0000000080000000, 0x0000000100000000)
  region size 1024K, 8 young (8192K), 3 survivors (3072K)
 Metaspace       used 94274K, committed 94912K, reserved 1130496K
  class space    used 12978K, committed 13312K, reserved 1048576K
}
Event: 127.666 GC heap after
{Heap after GC invocations=72 (full 0):
 garbage-first heap   total 181248K, used 91812K [0x0000000080000000, 0x0000000100000000)
  region size 1024K, 1 young (1024K), 1 survivors (1024K)
 Metaspace       used 94274K, committed 94912K, reserved 1130496K
  class space    used 12978K, committed 13312K, reserved 1048576K
}
Event: 134.118 GC heap before
{Heap before GC invocations=72 (full 0):
 garbage-first heap   total 181248K, used 114340K [0x0000000080000000, 0x0000000100000000)
  region size 1024K, 25 young (25600K), 1 survivors (1024K)
 Metaspace       used 95519K, committed 96128K, reserved 1138688K
  class space    used 13089K, committed 13376K, reserved 1048576K
}
Event: 134.125 GC heap after
{Heap after GC invocations=73 (full 0):
 garbage-first heap   total 181248K, used 93089K [0x0000000080000000, 0x0000000100000000)
  region size 1024K, 2 young (2048K), 2 survivors (2048K)
 Metaspace       used 95519K, committed 96128K, reserved 1138688K
  class space    used 13089K, committed 13376K, reserved 1048576K
}
Event: 159.024 GC heap before
{Heap before GC invocations=74 (full 0):
 garbage-first heap   total 181248K, used 147361K [0x0000000080000000, 0x0000000100000000)
  region size 1024K, 54 young (55296K), 2 survivors (2048K)
 Metaspace       used 100421K, committed 101056K, reserved 1138688K
  class space    used 13717K, committed 14016K, reserved 1048576K
}
Event: 159.997 GC heap after
{Heap after GC invocations=75 (full 0):
 garbage-first heap   total 181248K, used 113510K [0x0000000080000000, 0x0000000100000000)
  region size 1024K, 7 young (7168K), 7 survivors (7168K)
 Metaspace       used 100421K, committed 101056K, reserved 1138688K
  class space    used 13717K, committed 14016K, reserved 1048576K
}
Event: 160.738 GC heap before
{Heap before GC invocations=75 (full 0):
 garbage-first heap   total 181248K, used 114534K [0x0000000080000000, 0x0000000100000000)
  region size 1024K, 8 young (8192K), 7 survivors (7168K)
 Metaspace       used 100422K, committed 101056K, reserved 1138688K
  class space    used 13717K, committed 14016K, reserved 1048576K
}
Event: 160.755 GC heap after
{Heap after GC invocations=76 (full 0):
 garbage-first heap   total 181248K, used 115695K [0x0000000080000000, 0x0000000100000000)
  region size 1024K, 1 young (1024K), 1 survivors (1024K)
 Metaspace       used 100422K, committed 101056K, reserved 1138688K
  class space    used 13717K, committed 14016K, reserved 1048576K
}
Event: 161.048 GC heap before
{Heap before GC invocations=76 (full 0):
 garbage-first heap   total 181248K, used 116719K [0x0000000080000000, 0x0000000100000000)
  region size 1024K, 4 young (4096K), 1 survivors (1024K)
 Metaspace       used 100442K, committed 101120K, reserved 1138688K
  class space    used 13718K, committed 14016K, reserved 1048576K
}

