# JRE version: OpenJDK Runtime Environment (17.0.6) (build 17.0.6+0-17.0.6b802.4-9586694)
# Java VM: OpenJDK 64-Bit Server VM (17.0.6+0-17.0.6b802.4-9586694, mixed mode, tiered, compressed oops, compressed class ptrs, g1 gc, linux-amd64)
GC Precious Log:
 CPUs: 4 total, 4 available
 Memory: 3841M
 Large Page Support: Disabled
 NUMA Support: Disabled
 Compressed Oops: Enabled (32-bit)
 Heap Region Size: 1M
 Heap Min Capacity: 8M
 Heap Initial Capacity: 62M
 Heap Max Capacity: 2G
 Pre-touch: Disabled
 Parallel Workers: 4
 Concurrent Workers: 1
 Concurrent Refinement Workers: 4
 Periodic GC: Disabled
Heap:
 garbage-first heap   total 311296K, used 172081K [0x0000000080000000, 0x0000000100000000)
  region size 1024K, 1 young (1024K), 1 survivors (1024K)
 Metaspace       used 145704K, committed 146560K, reserved 1179648K
  class space    used 19230K, committed 19648K, reserved 1048576K
GC Heap History (20 events):
Event: 481.913 GC heap after
{Heap after GC invocations=82 (full 0):
 garbage-first heap   total 311296K, used 195706K [0x0000000080000000, 0x0000000100000000)
  region size 1024K, 5 young (5120K), 5 survivors (5120K)
 Metaspace       used 144961K, committed 145920K, reserved 1179648K
  class space    used 19121K, committed 19584K, reserved 1048576K
}
Event: 482.452 GC heap before
{Heap before GC invocations=82 (full 0):
 garbage-first heap   total 311296K, used 271482K [0x0000000080000000, 0x0000000100000000)
  region size 1024K, 79 young (80896K), 5 survivors (5120K)
 Metaspace       used 144968K, committed 145920K, reserved 1179648K
  class space    used 19121K, committed 19584K, reserved 1048576K
}
Event: 482.458 GC heap after
{Heap after GC invocations=83 (full 0):
 garbage-first heap   total 311296K, used 195464K [0x0000000080000000, 0x0000000100000000)
  region size 1024K, 5 young (5120K), 5 survivors (5120K)
 Metaspace       used 144968K, committed 145920K, reserved 1179648K
  class space    used 19121K, committed 19584K, reserved 1048576K
}
Event: 485.444 GC heap before
{Heap before GC invocations=83 (full 0):
 garbage-first heap   total 311296K, used 273288K [0x0000000080000000, 0x0000000100000000)
  region size 1024K, 80 young (81920K), 5 survivors (5120K)
 Metaspace       used 145464K, committed 146368K, reserved 1179648K
  class space    used 19200K, committed 19648K, reserved 1048576K
}
Event: 485.449 GC heap after
{Heap after GC invocations=84 (full 0):
 garbage-first heap   total 311296K, used 193591K [0x0000000080000000, 0x0000000100000000)
  region size 1024K, 3 young (3072K), 3 survivors (3072K)
 Metaspace       used 145464K, committed 146368K, reserved 1179648K
  class space    used 19200K, committed 19648K, reserved 1048576K
}
Event: 491.671 GC heap before
{Heap before GC invocations=84 (full 0):
 garbage-first heap   total 311296K, used 272439K [0x0000000080000000, 0x0000000100000000)
  region size 1024K, 80 young (81920K), 3 survivors (3072K)
 Metaspace       used 145551K, committed 146432K, reserved 1179648K
  class space    used 19215K, committed 19648K, reserved 1048576K
}
Event: 491.676 GC heap after
{Heap after GC invocations=85 (full 0):
 garbage-first heap   total 311296K, used 192563K [0x0000000080000000, 0x0000000100000000)
  region size 1024K, 2 young (2048K), 2 survivors (2048K)
 Metaspace       used 145551K, committed 146432K, reserved 1179648K
  class space    used 19215K, committed 19648K, reserved 1048576K
}
Event: 494.103 GC heap before
{Heap before GC invocations=85 (full 0):
 garbage-first heap   total 311296K, used 271411K [0x0000000080000000, 0x0000000100000000)
  region size 1024K, 80 young (81920K), 2 survivors (2048K)
 Metaspace       used 145612K, committed 146496K, reserved 1179648K
  class space    used 19219K, committed 19648K, reserved 1048576K
}
Event: 494.108 GC heap after
{Heap after GC invocations=86 (full 0):
 garbage-first heap   total 311296K, used 192109K [0x0000000080000000, 0x0000000100000000)
  region size 1024K, 1 young (1024K), 1 survivors (1024K)
 Metaspace       used 145612K, committed 146496K, reserved 1179648K
  class space    used 19219K, committed 19648K, reserved 1048576K
}
Event: 507.436 GC heap before
{Heap before GC invocations=86 (full 0):
 garbage-first heap   total 311296K, used 274029K [0x0000000080000000, 0x0000000100000000)
  region size 1024K, 81 young (82944K), 1 survivors (1024K)
 Metaspace       used 145667K, committed 146560K, reserved 1179648K
  class space    used 19226K, committed 19648K, reserved 1048576K
}
Event: 507.593 GC heap after
{Heap after GC invocations=87 (full 0):
 garbage-first heap   total 311296K, used 197349K [0x0000000080000000, 0x0000000100000000)
  region size 1024K, 7 young (7168K), 7 survivors (7168K)
 Metaspace       used 145667K, committed 146560K, reserved 1179648K
  class space    used 19226K, committed 19648K, reserved 1048576K
}
Event: 507.885 GC heap before
{Heap before GC invocations=87 (full 0):
 garbage-first heap   total 311296K, used 268005K [0x0000000080000000, 0x0000000100000000)
  region size 1024K, 76 young (77824K), 7 survivors (7168K)
 Metaspace       used 145676K, committed 146560K, reserved 1179648K
  class space    used 19226K, committed 19648K, reserved 1048576K
}
Event: 507.900 GC heap after
{Heap after GC invocations=88 (full 0):
 garbage-first heap   total 311296K, used 201590K [0x0000000080000000, 0x0000000100000000)
  region size 1024K, 5 young (5120K), 5 survivors (5120K)
 Metaspace       used 145676K, committed 146560K, reserved 1179648K
  class space    used 19226K, committed 19648K, reserved 1048576K
}
Event: 508.214 GC heap before
{Heap before GC invocations=88 (full 0):
 garbage-first heap   total 311296K, used 268150K [0x0000000080000000, 0x0000000100000000)
  region size 1024K, 70 young (71680K), 5 survivors (5120K)
 Metaspace       used 145685K, committed 146560K, reserved 1179648K
  class space    used 19228K, committed 19648K, reserved 1048576K
}
Event: 508.223 GC heap after
{Heap after GC invocations=89 (full 0):
 garbage-first heap   total 311296K, used 201722K [0x0000000080000000, 0x0000000100000000)
  region size 1024K, 5 young (5120K), 5 survivors (5120K)
 Metaspace       used 145685K, committed 146560K, reserved 1179648K
  class space    used 19228K, committed 19648K, reserved 1048576K
}
Event: 508.567 GC heap before
{Heap before GC invocations=89 (full 0):
 garbage-first heap   total 311296K, used 270330K [0x0000000080000000, 0x0000000100000000)
  region size 1024K, 72 young (73728K), 5 survivors (5120K)
 Metaspace       used 145711K, committed 146560K, reserved 1179648K
  class space    used 19231K, committed 19648K, reserved 1048576K
}
Event: 510.033 GC heap after
{Heap after GC invocations=90 (full 0):
 garbage-first heap   total 311296K, used 202079K [0x0000000080000000, 0x0000000100000000)
  region size 1024K, 1 young (1024K), 1 survivors (1024K)
 Metaspace       used 145711K, committed 146560K, reserved 1179648K
  class space    used 19231K, committed 19648K, reserved 1048576K
}
Event: 510.926 GC heap before
{Heap before GC invocations=90 (full 0):
 garbage-first heap   total 311296K, used 186719K [0x0000000080000000, 0x0000000100000000)
  region size 1024K, 15 young (15360K), 1 survivors (1024K)
 Metaspace       used 145701K, committed 146560K, reserved 1179648K
  class space    used 19227K, committed 19648K, reserved 1048576K
}
Event: 510.931 GC heap after
{Heap after GC invocations=91 (full 0):
 garbage-first heap   total 311296K, used 172233K [0x0000000080000000, 0x0000000100000000)
  region size 1024K, 1 young (1024K), 1 survivors (1024K)
 Metaspace       used 145701K, committed 146560K, reserved 1179648K
  class space    used 19227K, committed 19648K, reserved 1048576K
}
Event: 511.032 GC heap before
{Heap before GC invocations=91 (full 0):
 garbage-first heap   total 311296K, used 186569K [0x0000000080000000, 0x0000000100000000)
  region size 1024K, 15 young (15360K), 1 survivors (1024K)
 Metaspace       used 145704K, committed 146560K, reserved 1179648K
  class space    used 19230K, committed 19648K, reserved 1048576K
}

