# JRE version: OpenJDK Runtime Environment (17.0.6) (build 17.0.6+0-17.0.6b802.4-9586694)
# Java VM: OpenJDK 64-Bit Server VM (17.0.6+0-17.0.6b802.4-9586694, mixed mode, tiered, compressed oops, compressed class ptrs, g1 gc, linux-amd64)
GC Precious Log:
 CPUs: 4 total, 4 available
 Memory: 3841M
 Large Page Support: Disabled
 NUMA Support: Disabled
 Compressed Oops: Enabled (32-bit)
 Heap Region Size: 1M
 Heap Min Capacity: 8M
 Heap Initial Capacity: 62M
 Heap Max Capacity: 2G
 Pre-touch: Disabled
 Parallel Workers: 4
 Concurrent Workers: 1
 Concurrent Refinement Workers: 4
 Periodic GC: Disabled
Heap:
 garbage-first heap   total 588800K, used 275971K [0x0000000080000000, 0x0000000100000000)
  region size 1024K, 4 young (4096K), 4 survivors (4096K)
 Metaspace       used 161841K, committed 163136K, reserved 1196032K
  class space    used 21653K, committed 22272K, reserved 1048576K
GC Heap History (20 events):
Event: 2446.588 GC heap after
{Heap after GC invocations=79 (full 0):
 garbage-first heap   total 381952K, used 257279K [0x0000000080000000, 0x0000000100000000)
  region size 1024K, 3 young (3072K), 3 survivors (3072K)
 Metaspace       used 150107K, committed 151232K, reserved 1179648K
  class space    used 20233K, committed 20800K, reserved 1048576K
}
Event: 2456.754 GC heap before
{Heap before GC invocations=79 (full 0):
 garbage-first heap   total 381952K, used 272639K [0x0000000080000000, 0x0000000100000000)
  region size 1024K, 18 young (18432K), 3 survivors (3072K)
 Metaspace       used 151371K, committed 152448K, reserved 1187840K
  class space    used 20404K, committed 20928K, reserved 1048576K
}
Event: 2456.843 GC heap after
{Heap after GC invocations=80 (full 0):
 garbage-first heap   total 381952K, used 258889K [0x0000000080000000, 0x0000000100000000)
  region size 1024K, 2 young (2048K), 2 survivors (2048K)
 Metaspace       used 151371K, committed 152448K, reserved 1187840K
  class space    used 20404K, committed 20928K, reserved 1048576K
}
Event: 2460.715 GC heap before
{Heap before GC invocations=80 (full 0):
 garbage-first heap   total 381952K, used 274249K [0x0000000080000000, 0x0000000100000000)
  region size 1024K, 18 young (18432K), 2 survivors (2048K)
 Metaspace       used 151835K, committed 152896K, reserved 1187840K
  class space    used 20480K, committed 20992K, reserved 1048576K
}
Event: 2460.849 GC heap after
{Heap after GC invocations=81 (full 0):
 garbage-first heap   total 381952K, used 259993K [0x0000000080000000, 0x0000000100000000)
  region size 1024K, 3 young (3072K), 3 survivors (3072K)
 Metaspace       used 151835K, committed 152896K, reserved 1187840K
  class space    used 20480K, committed 20992K, reserved 1048576K
}
Event: 2467.801 GC heap before
{Heap before GC invocations=81 (full 0):
 garbage-first heap   total 381952K, used 274329K [0x0000000080000000, 0x0000000100000000)
  region size 1024K, 18 young (18432K), 3 survivors (3072K)
 Metaspace       used 152372K, committed 153536K, reserved 1187840K
  class space    used 20556K, committed 21120K, reserved 1048576K
}
Event: 2469.082 GC heap after
{Heap after GC invocations=82 (full 0):
 garbage-first heap   total 381952K, used 260972K [0x0000000080000000, 0x0000000100000000)
  region size 1024K, 3 young (3072K), 3 survivors (3072K)
 Metaspace       used 152372K, committed 153536K, reserved 1187840K
  class space    used 20556K, committed 21120K, reserved 1048576K
}
Event: 2475.703 GC heap before
{Heap before GC invocations=82 (full 0):
 garbage-first heap   total 381952K, used 275308K [0x0000000080000000, 0x0000000100000000)
  region size 1024K, 18 young (18432K), 3 survivors (3072K)
 Metaspace       used 154737K, committed 155840K, reserved 1187840K
  class space    used 20867K, committed 21376K, reserved 1048576K
}
Event: 2478.705 GC heap after
{Heap after GC invocations=83 (full 0):
 garbage-first heap   total 588800K, used 262225K [0x0000000080000000, 0x0000000100000000)
  region size 1024K, 3 young (3072K), 3 survivors (3072K)
 Metaspace       used 154737K, committed 155840K, reserved 1187840K
  class space    used 20867K, committed 21376K, reserved 1048576K
}
Event: 2493.608 GC heap before
{Heap before GC invocations=83 (full 0):
 garbage-first heap   total 588800K, used 288849K [0x0000000080000000, 0x0000000100000000)
  region size 1024K, 28 young (28672K), 3 survivors (3072K)
 Metaspace       used 158842K, committed 160000K, reserved 1187840K
  class space    used 21271K, committed 21824K, reserved 1048576K
}
Event: 2493.808 GC heap after
{Heap after GC invocations=84 (full 0):
 garbage-first heap   total 588800K, used 264307K [0x0000000080000000, 0x0000000100000000)
  region size 1024K, 4 young (4096K), 4 survivors (4096K)
 Metaspace       used 158842K, committed 160000K, reserved 1187840K
  class space    used 21271K, committed 21824K, reserved 1048576K
}
Event: 2496.839 GC heap before
{Heap before GC invocations=84 (full 0):
 garbage-first heap   total 588800K, used 287859K [0x0000000080000000, 0x0000000100000000)
  region size 1024K, 28 young (28672K), 4 survivors (4096K)
 Metaspace       used 158932K, committed 160064K, reserved 1187840K
  class space    used 21277K, committed 21824K, reserved 1048576K
}
Event: 2496.974 GC heap after
{Heap after GC invocations=85 (full 0):
 garbage-first heap   total 588800K, used 268044K [0x0000000080000000, 0x0000000100000000)
  region size 1024K, 4 young (4096K), 4 survivors (4096K)
 Metaspace       used 158932K, committed 160064K, reserved 1187840K
  class space    used 21277K, committed 21824K, reserved 1048576K
}
Event: 2499.927 GC heap before
{Heap before GC invocations=85 (full 0):
 garbage-first heap   total 588800K, used 291596K [0x0000000080000000, 0x0000000100000000)
  region size 1024K, 28 young (28672K), 4 survivors (4096K)
 Metaspace       used 159437K, committed 160576K, reserved 1187840K
  class space    used 21345K, committed 21888K, reserved 1048576K
}
Event: 2500.247 GC heap after
{Heap after GC invocations=86 (full 0):
 garbage-first heap   total 588800K, used 271100K [0x0000000080000000, 0x0000000100000000)
  region size 1024K, 4 young (4096K), 4 survivors (4096K)
 Metaspace       used 159437K, committed 160576K, reserved 1187840K
  class space    used 21345K, committed 21888K, reserved 1048576K
}
Event: 2500.979 GC heap before
{Heap before GC invocations=86 (full 0):
 garbage-first heap   total 588800K, used 295676K [0x0000000080000000, 0x0000000100000000)
  region size 1024K, 28 young (28672K), 4 survivors (4096K)
 Metaspace       used 160225K, committed 161344K, reserved 1196032K
  class space    used 21437K, committed 21952K, reserved 1048576K
}
Event: 2501.353 GC heap after
{Heap after GC invocations=87 (full 0):
 garbage-first heap   total 588800K, used 271985K [0x0000000080000000, 0x0000000100000000)
  region size 1024K, 2 young (2048K), 2 survivors (2048K)
 Metaspace       used 160225K, committed 161344K, reserved 1196032K
  class space    used 21437K, committed 21952K, reserved 1048576K
}
Event: 2505.377 GC heap before
{Heap before GC invocations=87 (full 0):
 garbage-first heap   total 588800K, used 297585K [0x0000000080000000, 0x0000000100000000)
  region size 1024K, 28 young (28672K), 2 survivors (2048K)
 Metaspace       used 161389K, committed 162624K, reserved 1196032K
  class space    used 21593K, committed 22144K, reserved 1048576K
}
Event: 2505.604 GC heap after
{Heap after GC invocations=88 (full 0):
 garbage-first heap   total 588800K, used 273736K [0x0000000080000000, 0x0000000100000000)
  region size 1024K, 4 young (4096K), 4 survivors (4096K)
 Metaspace       used 161389K, committed 162624K, reserved 1196032K
  class space    used 21593K, committed 22144K, reserved 1048576K
}
Event: 2744.676 GC heap before
{Heap before GC invocations=88 (full 0):
 garbage-first heap   total 588800K, used 297288K [0x0000000080000000, 0x0000000100000000)
  region size 1024K, 28 young (28672K), 4 survivors (4096K)
 Metaspace       used 161841K, committed 163136K, reserved 1196032K
  class space    used 21653K, committed 22272K, reserved 1048576K
}

