# JRE version: OpenJDK Runtime Environment (17.0.6) (build 17.0.6+0-17.0.6b802.4-9586694)
# Java VM: OpenJDK 64-Bit Server VM (17.0.6+0-17.0.6b802.4-9586694, mixed mode, tiered, compressed oops, compressed class ptrs, g1 gc, linux-amd64)
GC Precious Log:
 CPUs: 4 total, 4 available
 Memory: 3841M
 Large Page Support: Disabled
 NUMA Support: Disabled
 Compressed Oops: Enabled (32-bit)
 Heap Region Size: 1M
 Heap Min Capacity: 8M
 Heap Initial Capacity: 62M
 Heap Max Capacity: 2G
 Pre-touch: Disabled
 Parallel Workers: 4
 Concurrent Workers: 1
 Concurrent Refinement Workers: 4
 Periodic GC: Disabled
Heap:
 garbage-first heap   total 276480K, used 135068K [0x0000000080000000, 0x0000000100000000)
  region size 1024K, 2 young (2048K), 2 survivors (2048K)
 Metaspace       used 123683K, committed 124736K, reserved 1163264K
  class space    used 16449K, committed 16960K, reserved 1048576K
GC Heap History (20 events):
Event: 592.078 GC heap after
{Heap after GC invocations=67 (full 0):
 garbage-first heap   total 276480K, used 140157K [0x0000000080000000, 0x0000000100000000)
  region size 1024K, 11 young (11264K), 11 survivors (11264K)
 Metaspace       used 116806K, committed 117760K, reserved 1155072K
  class space    used 15565K, committed 16064K, reserved 1048576K
}
Event: 593.586 GC heap before
{Heap before GC invocations=67 (full 0):
 garbage-first heap   total 276480K, used 142205K [0x0000000080000000, 0x0000000100000000)
  region size 1024K, 13 young (13312K), 11 survivors (11264K)
 Metaspace       used 116814K, committed 117760K, reserved 1155072K
  class space    used 15565K, committed 16064K, reserved 1048576K
}
Event: 593.603 GC heap after
{Heap after GC invocations=68 (full 0):
 garbage-first heap   total 276480K, used 139426K [0x0000000080000000, 0x0000000100000000)
  region size 1024K, 2 young (2048K), 2 survivors (2048K)
 Metaspace       used 116814K, committed 117760K, reserved 1155072K
  class space    used 15565K, committed 16064K, reserved 1048576K
}
Event: 642.784 GC heap before
{Heap before GC invocations=68 (full 0):
 garbage-first heap   total 276480K, used 226466K [0x0000000080000000, 0x0000000100000000)
  region size 1024K, 88 young (90112K), 2 survivors (2048K)
 Metaspace       used 117084K, committed 118016K, reserved 1155072K
  class space    used 15577K, committed 16064K, reserved 1048576K
}
Event: 642.920 GC heap after
{Heap after GC invocations=69 (full 0):
 garbage-first heap   total 276480K, used 140602K [0x0000000080000000, 0x0000000100000000)
  region size 1024K, 3 young (3072K), 3 survivors (3072K)
 Metaspace       used 117084K, committed 118016K, reserved 1155072K
  class space    used 15577K, committed 16064K, reserved 1048576K
}
Event: 696.389 GC heap before
{Heap before GC invocations=70 (full 0):
 garbage-first heap   total 276480K, used 222522K [0x0000000080000000, 0x0000000100000000)
  region size 1024K, 90 young (92160K), 3 survivors (3072K)
 Metaspace       used 117581K, committed 118656K, reserved 1155072K
  class space    used 15643K, committed 16192K, reserved 1048576K
}
Event: 696.920 GC heap after
{Heap after GC invocations=71 (full 0):
 garbage-first heap   total 276480K, used 144609K [0x0000000080000000, 0x0000000100000000)
  region size 1024K, 12 young (12288K), 12 survivors (12288K)
 Metaspace       used 117581K, committed 118656K, reserved 1155072K
  class space    used 15643K, committed 16192K, reserved 1048576K
}
Event: 696.984 GC heap before
{Heap before GC invocations=71 (full 0):
 garbage-first heap   total 276480K, used 145633K [0x0000000080000000, 0x0000000100000000)
  region size 1024K, 13 young (13312K), 12 survivors (12288K)
 Metaspace       used 117605K, committed 118656K, reserved 1155072K
  class space    used 15643K, committed 16192K, reserved 1048576K
}
Event: 700.921 GC heap after
{Heap after GC invocations=72 (full 0):
 garbage-first heap   total 276480K, used 141049K [0x0000000080000000, 0x0000000100000000)
  region size 1024K, 2 young (2048K), 2 survivors (2048K)
 Metaspace       used 117605K, committed 118656K, reserved 1155072K
  class space    used 15643K, committed 16192K, reserved 1048576K
}
Event: 701.341 GC heap before
{Heap before GC invocations=72 (full 0):
 garbage-first heap   total 276480K, used 152313K [0x0000000080000000, 0x0000000100000000)
  region size 1024K, 13 young (13312K), 2 survivors (2048K)
 Metaspace       used 117638K, committed 118720K, reserved 1155072K
  class space    used 15643K, committed 16192K, reserved 1048576K
}
Event: 701.357 GC heap after
{Heap after GC invocations=73 (full 0):
 garbage-first heap   total 276480K, used 139299K [0x0000000080000000, 0x0000000100000000)
  region size 1024K, 1 young (1024K), 1 survivors (1024K)
 Metaspace       used 117638K, committed 118720K, reserved 1155072K
  class space    used 15643K, committed 16192K, reserved 1048576K
}
Event: 706.852 GC heap before
{Heap before GC invocations=74 (full 0):
 garbage-first heap   total 276480K, used 150563K [0x0000000080000000, 0x0000000100000000)
  region size 1024K, 13 young (13312K), 1 survivors (1024K)
 Metaspace       used 118168K, committed 119232K, reserved 1155072K
  class space    used 15713K, committed 16256K, reserved 1048576K
}
Event: 706.862 GC heap after
{Heap after GC invocations=75 (full 0):
 garbage-first heap   total 276480K, used 140637K [0x0000000080000000, 0x0000000100000000)
  region size 1024K, 2 young (2048K), 2 survivors (2048K)
 Metaspace       used 118168K, committed 119232K, reserved 1155072K
  class space    used 15713K, committed 16256K, reserved 1048576K
}
Event: 710.551 GC heap before
{Heap before GC invocations=75 (full 0):
 garbage-first heap   total 276480K, used 150877K [0x0000000080000000, 0x0000000100000000)
  region size 1024K, 13 young (13312K), 2 survivors (2048K)
 Metaspace       used 118562K, committed 119552K, reserved 1155072K
  class space    used 15769K, committed 16256K, reserved 1048576K
}
Event: 710.772 GC heap after
{Heap after GC invocations=76 (full 0):
 garbage-first heap   total 276480K, used 134857K [0x0000000080000000, 0x0000000100000000)
  region size 1024K, 2 young (2048K), 2 survivors (2048K)
 Metaspace       used 118562K, committed 119552K, reserved 1155072K
  class space    used 15769K, committed 16256K, reserved 1048576K
}
Event: 714.283 GC heap before
{Heap before GC invocations=76 (full 0):
 garbage-first heap   total 276480K, used 145097K [0x0000000080000000, 0x0000000100000000)
  region size 1024K, 13 young (13312K), 2 survivors (2048K)
 Metaspace       used 118927K, committed 120000K, reserved 1155072K
  class space    used 15808K, committed 16320K, reserved 1048576K
}
Event: 714.572 GC heap after
{Heap after GC invocations=77 (full 0):
 garbage-first heap   total 276480K, used 135482K [0x0000000080000000, 0x0000000100000000)
  region size 1024K, 2 young (2048K), 2 survivors (2048K)
 Metaspace       used 118927K, committed 120000K, reserved 1155072K
  class space    used 15808K, committed 16320K, reserved 1048576K
}
Event: 717.051 GC heap before
{Heap before GC invocations=77 (full 0):
 garbage-first heap   total 276480K, used 145722K [0x0000000080000000, 0x0000000100000000)
  region size 1024K, 13 young (13312K), 2 survivors (2048K)
 Metaspace       used 120913K, committed 121920K, reserved 1155072K
  class space    used 16082K, committed 16576K, reserved 1048576K
}
Event: 717.254 GC heap after
{Heap after GC invocations=78 (full 0):
 garbage-first heap   total 276480K, used 135010K [0x0000000080000000, 0x0000000100000000)
  region size 1024K, 2 young (2048K), 2 survivors (2048K)
 Metaspace       used 120913K, committed 121920K, reserved 1155072K
  class space    used 16082K, committed 16576K, reserved 1048576K
}
Event: 717.519 GC heap before
{Heap before GC invocations=78 (full 0):
 garbage-first heap   total 276480K, used 145250K [0x0000000080000000, 0x0000000100000000)
  region size 1024K, 13 young (13312K), 2 survivors (2048K)
 Metaspace       used 123683K, committed 124736K, reserved 1163264K
  class space    used 16449K, committed 16960K, reserved 1048576K
}

