# JRE version: OpenJDK Runtime Environment (17.0.6) (build 17.0.6+0-17.0.6b802.4-9586694)
# Java VM: OpenJDK 64-Bit Server VM (17.0.6+0-17.0.6b802.4-9586694, mixed mode, tiered, compressed oops, compressed class ptrs, g1 gc, linux-amd64)
GC Precious Log:
 CPUs: 4 total, 4 available
 Memory: 3841M
 Large Page Support: Disabled
 NUMA Support: Disabled
 Compressed Oops: Enabled (32-bit)
 Heap Region Size: 1M
 Heap Min Capacity: 8M
 Heap Initial Capacity: 62M
 Heap Max Capacity: 2G
 Pre-touch: Disabled
 Parallel Workers: 4
 Concurrent Workers: 1
 Concurrent Refinement Workers: 4
 Periodic GC: Disabled
Heap:
 garbage-first heap   total 311296K, used 271308K [0x0000000080000000, 0x0000000100000000)
  region size 1024K, 2 young (2048K), 2 survivors (2048K)
 Metaspace       used 136052K, committed 137344K, reserved 1171456K
  class space    used 18266K, committed 18880K, reserved 1048576K
GC Heap History (20 events):
Event: 1507.529 GC heap after
{Heap after GC invocations=60 (full 0):
 garbage-first heap   total 311296K, used 260939K [0x0000000080000000, 0x0000000100000000)
  region size 1024K, 1 young (1024K), 1 survivors (1024K)
 Metaspace       used 133666K, committed 134912K, reserved 1171456K
  class space    used 18009K, committed 18624K, reserved 1048576K
}
Event: 1508.491 GC heap before
{Heap before GC invocations=60 (full 0):
 garbage-first heap   total 311296K, used 275275K [0x0000000080000000, 0x0000000100000000)
  region size 1024K, 15 young (15360K), 1 survivors (1024K)
 Metaspace       used 133974K, committed 135232K, reserved 1171456K
  class space    used 18043K, committed 18688K, reserved 1048576K
}
Event: 1508.499 GC heap after
{Heap after GC invocations=61 (full 0):
 garbage-first heap   total 311296K, used 262243K [0x0000000080000000, 0x0000000100000000)
  region size 1024K, 2 young (2048K), 2 survivors (2048K)
 Metaspace       used 133974K, committed 135232K, reserved 1171456K
  class space    used 18043K, committed 18688K, reserved 1048576K
}
Event: 1516.622 GC heap before
{Heap before GC invocations=61 (full 0):
 garbage-first heap   total 311296K, used 275555K [0x0000000080000000, 0x0000000100000000)
  region size 1024K, 15 young (15360K), 2 survivors (2048K)
 Metaspace       used 134573K, committed 135872K, reserved 1171456K
  class space    used 18131K, committed 18752K, reserved 1048576K
}
Event: 1518.148 GC heap after
{Heap after GC invocations=62 (full 0):
 garbage-first heap   total 311296K, used 264476K [0x0000000080000000, 0x0000000100000000)
  region size 1024K, 2 young (2048K), 2 survivors (2048K)
 Metaspace       used 134573K, committed 135872K, reserved 1171456K
  class space    used 18131K, committed 18752K, reserved 1048576K
}
Event: 1555.836 GC heap before
{Heap before GC invocations=62 (full 0):
 garbage-first heap   total 311296K, used 276764K [0x0000000080000000, 0x0000000100000000)
  region size 1024K, 15 young (15360K), 2 survivors (2048K)
 Metaspace       used 134637K, committed 135936K, reserved 1171456K
  class space    used 18135K, committed 18752K, reserved 1048576K
}
Event: 1555.895 GC heap after
{Heap after GC invocations=63 (full 0):
 garbage-first heap   total 311296K, used 267209K [0x0000000080000000, 0x0000000100000000)
  region size 1024K, 2 young (2048K), 2 survivors (2048K)
 Metaspace       used 134637K, committed 135936K, reserved 1171456K
  class space    used 18135K, committed 18752K, reserved 1048576K
}
Event: 1556.558 GC heap before
{Heap before GC invocations=63 (full 0):
 garbage-first heap   total 311296K, used 280521K [0x0000000080000000, 0x0000000100000000)
  region size 1024K, 15 young (15360K), 2 survivors (2048K)
 Metaspace       used 134888K, committed 136128K, reserved 1171456K
  class space    used 18152K, committed 18752K, reserved 1048576K
}
Event: 1556.566 GC heap after
{Heap after GC invocations=64 (full 0):
 garbage-first heap   total 311296K, used 267759K [0x0000000080000000, 0x0000000100000000)
  region size 1024K, 1 young (1024K), 1 survivors (1024K)
 Metaspace       used 134888K, committed 136128K, reserved 1171456K
  class space    used 18152K, committed 18752K, reserved 1048576K
}
Event: 1562.348 GC heap before
{Heap before GC invocations=64 (full 0):
 garbage-first heap   total 311296K, used 281071K [0x0000000080000000, 0x0000000100000000)
  region size 1024K, 15 young (15360K), 1 survivors (1024K)
 Metaspace       used 135071K, committed 136384K, reserved 1171456K
  class space    used 18175K, committed 18816K, reserved 1048576K
}
Event: 1562.446 GC heap after
{Heap after GC invocations=65 (full 0):
 garbage-first heap   total 311296K, used 268636K [0x0000000080000000, 0x0000000100000000)
  region size 1024K, 2 young (2048K), 2 survivors (2048K)
 Metaspace       used 135071K, committed 136384K, reserved 1171456K
  class space    used 18175K, committed 18816K, reserved 1048576K
}
Event: 1562.850 GC heap before
{Heap before GC invocations=65 (full 0):
 garbage-first heap   total 311296K, used 280924K [0x0000000080000000, 0x0000000100000000)
  region size 1024K, 15 young (15360K), 2 survivors (2048K)
 Metaspace       used 135733K, committed 137024K, reserved 1171456K
  class space    used 18240K, committed 18880K, reserved 1048576K
}
Event: 1562.856 GC heap after
{Heap after GC invocations=66 (full 0):
 garbage-first heap   total 311296K, used 269494K [0x0000000080000000, 0x0000000100000000)
  region size 1024K, 2 young (2048K), 2 survivors (2048K)
 Metaspace       used 135733K, committed 137024K, reserved 1171456K
  class space    used 18240K, committed 18880K, reserved 1048576K
}
Event: 1563.048 GC heap before
{Heap before GC invocations=66 (full 0):
 garbage-first heap   total 311296K, used 282806K [0x0000000080000000, 0x0000000100000000)
  region size 1024K, 15 young (15360K), 2 survivors (2048K)
 Metaspace       used 135807K, committed 137088K, reserved 1171456K
  class space    used 18240K, committed 18880K, reserved 1048576K
}
Event: 1563.053 GC heap after
{Heap after GC invocations=67 (full 0):
 garbage-first heap   total 311296K, used 269802K [0x0000000080000000, 0x0000000100000000)
  region size 1024K, 2 young (2048K), 2 survivors (2048K)
 Metaspace       used 135807K, committed 137088K, reserved 1171456K
  class space    used 18240K, committed 18880K, reserved 1048576K
}
Event: 1563.094 GC heap before
{Heap before GC invocations=67 (full 0):
 garbage-first heap   total 311296K, used 283114K [0x0000000080000000, 0x0000000100000000)
  region size 1024K, 15 young (15360K), 2 survivors (2048K)
 Metaspace       used 135852K, committed 137152K, reserved 1171456K
  class space    used 18240K, committed 18880K, reserved 1048576K
}
Event: 1563.098 GC heap after
{Heap after GC invocations=68 (full 0):
 garbage-first heap   total 311296K, used 270386K [0x0000000080000000, 0x0000000100000000)
  region size 1024K, 1 young (1024K), 1 survivors (1024K)
 Metaspace       used 135852K, committed 137152K, reserved 1171456K
  class space    used 18240K, committed 18880K, reserved 1048576K
}
Event: 1563.120 GC heap before
{Heap before GC invocations=68 (full 0):
 garbage-first heap   total 311296K, used 283698K [0x0000000080000000, 0x0000000100000000)
  region size 1024K, 15 young (15360K), 1 survivors (1024K)
 Metaspace       used 135852K, committed 137152K, reserved 1171456K
  class space    used 18240K, committed 18880K, reserved 1048576K
}
Event: 1563.124 GC heap after
{Heap after GC invocations=69 (full 0):
 garbage-first heap   total 311296K, used 270875K [0x0000000080000000, 0x0000000100000000)
  region size 1024K, 2 young (2048K), 2 survivors (2048K)
 Metaspace       used 135852K, committed 137152K, reserved 1171456K
  class space    used 18240K, committed 18880K, reserved 1048576K
}
Event: 1567.547 GC heap before
{Heap before GC invocations=69 (full 0):
 garbage-first heap   total 311296K, used 283163K [0x0000000080000000, 0x0000000100000000)
  region size 1024K, 15 young (15360K), 2 survivors (2048K)
 Metaspace       used 136052K, committed 137344K, reserved 1171456K
  class space    used 18266K, committed 18880K, reserved 1048576K
}

