# JRE version: OpenJDK Runtime Environment (17.0.6) (build 17.0.6+0-17.0.6b802.4-9586694)
# Java VM: OpenJDK 64-Bit Server VM (17.0.6+0-17.0.6b802.4-9586694, mixed mode, tiered, compressed oops, compressed class ptrs, g1 gc, linux-amd64)
GC Precious Log:
 CPUs: 4 total, 4 available
 Memory: 3841M
 Large Page Support: Disabled
 NUMA Support: Disabled
 Compressed Oops: Enabled (32-bit)
 Heap Region Size: 1M
 Heap Min Capacity: 8M
 Heap Initial Capacity: 62M
 Heap Max Capacity: 2G
 Pre-touch: Disabled
 Parallel Workers: 4
 Concurrent Workers: 1
 Concurrent Refinement Workers: 4
 Periodic GC: Disabled
Heap:
 garbage-first heap   total 283648K, used 180081K [0x0000000080000000, 0x0000000100000000)
  region size 1024K, 4 young (4096K), 4 survivors (4096K)
 Metaspace       used 97446K, committed 98304K, reserved 1138688K
  class space    used 13370K, committed 13760K, reserved 1048576K
GC Heap History (20 events):
Event: 85.217 GC heap after
{Heap after GC invocations=51 (full 0):
 garbage-first heap   total 219136K, used 126354K [0x0000000080000000, 0x0000000100000000)
  region size 1024K, 4 young (4096K), 4 survivors (4096K)
 Metaspace       used 72842K, committed 73472K, reserved 1114112K
  class space    used 9717K, committed 9984K, reserved 1048576K
}
Event: 86.241 GC heap before
{Heap before GC invocations=51 (full 0):
 garbage-first heap   total 219136K, used 132498K [0x0000000080000000, 0x0000000100000000)
  region size 1024K, 10 young (10240K), 4 survivors (4096K)
 Metaspace       used 73100K, committed 73792K, reserved 1114112K
  class space    used 9752K, committed 10048K, reserved 1048576K
}
Event: 86.278 GC heap after
{Heap after GC invocations=52 (full 0):
 garbage-first heap   total 219136K, used 126754K [0x0000000080000000, 0x0000000100000000)
  region size 1024K, 1 young (1024K), 1 survivors (1024K)
 Metaspace       used 73100K, committed 73792K, reserved 1114112K
  class space    used 9752K, committed 10048K, reserved 1048576K
}
Event: 87.479 GC heap before
{Heap before GC invocations=52 (full 0):
 garbage-first heap   total 219136K, used 170786K [0x0000000080000000, 0x0000000100000000)
  region size 1024K, 44 young (45056K), 1 survivors (1024K)
 Metaspace       used 76168K, committed 76864K, reserved 1122304K
  class space    used 10269K, committed 10624K, reserved 1048576K
}
Event: 87.487 GC heap after
{Heap after GC invocations=53 (full 0):
 garbage-first heap   total 219136K, used 129536K [0x0000000080000000, 0x0000000100000000)
  region size 1024K, 4 young (4096K), 4 survivors (4096K)
 Metaspace       used 76168K, committed 76864K, reserved 1122304K
  class space    used 10269K, committed 10624K, reserved 1048576K
}
Event: 91.149 GC heap before
{Heap before GC invocations=54 (full 0):
 garbage-first heap   total 220160K, used 173568K [0x0000000080000000, 0x0000000100000000)
  region size 1024K, 48 young (49152K), 4 survivors (4096K)
 Metaspace       used 78983K, committed 79680K, reserved 1122304K
  class space    used 10599K, committed 10944K, reserved 1048576K
}
Event: 91.193 GC heap after
{Heap after GC invocations=55 (full 0):
 garbage-first heap   total 220160K, used 132769K [0x0000000080000000, 0x0000000100000000)
  region size 1024K, 6 young (6144K), 6 survivors (6144K)
 Metaspace       used 78983K, committed 79680K, reserved 1122304K
  class space    used 10599K, committed 10944K, reserved 1048576K
}
Event: 92.744 GC heap before
{Heap before GC invocations=55 (full 0):
 garbage-first heap   total 220160K, used 136865K [0x0000000080000000, 0x0000000100000000)
  region size 1024K, 10 young (10240K), 6 survivors (6144K)
 Metaspace       used 79405K, committed 80064K, reserved 1122304K
  class space    used 10649K, committed 10944K, reserved 1048576K
}
Event: 92.760 GC heap after
{Heap after GC invocations=56 (full 0):
 garbage-first heap   total 220160K, used 133606K [0x0000000080000000, 0x0000000100000000)
  region size 1024K, 1 young (1024K), 1 survivors (1024K)
 Metaspace       used 79405K, committed 80064K, reserved 1122304K
  class space    used 10649K, committed 10944K, reserved 1048576K
}
Event: 103.622 GC heap before
{Heap before GC invocations=56 (full 0):
 garbage-first heap   total 220160K, used 179686K [0x0000000080000000, 0x0000000100000000)
  region size 1024K, 46 young (47104K), 1 survivors (1024K)
 Metaspace       used 84786K, committed 85504K, reserved 1130496K
  class space    used 11616K, committed 11968K, reserved 1048576K
}
Event: 103.631 GC heap after
{Heap after GC invocations=57 (full 0):
 garbage-first heap   total 220160K, used 135654K [0x0000000080000000, 0x0000000100000000)
  region size 1024K, 3 young (3072K), 3 survivors (3072K)
 Metaspace       used 84786K, committed 85504K, reserved 1130496K
  class space    used 11616K, committed 11968K, reserved 1048576K
}
Event: 110.163 GC heap before
{Heap before GC invocations=58 (full 0):
 garbage-first heap   total 230400K, used 180710K [0x0000000080000000, 0x0000000100000000)
  region size 1024K, 47 young (48128K), 3 survivors (3072K)
 Metaspace       used 90007K, committed 90752K, reserved 1130496K
  class space    used 12338K, committed 12672K, reserved 1048576K
}
Event: 110.192 GC heap after
{Heap after GC invocations=59 (full 0):
 garbage-first heap   total 230400K, used 138463K [0x0000000080000000, 0x0000000100000000)
  region size 1024K, 6 young (6144K), 6 survivors (6144K)
 Metaspace       used 90007K, committed 90752K, reserved 1130496K
  class space    used 12338K, committed 12672K, reserved 1048576K
}
Event: 110.241 GC heap before
{Heap before GC invocations=59 (full 0):
 garbage-first heap   total 230400K, used 143583K [0x0000000080000000, 0x0000000100000000)
  region size 1024K, 11 young (11264K), 6 survivors (6144K)
 Metaspace       used 90009K, committed 90752K, reserved 1130496K
  class space    used 12338K, committed 12672K, reserved 1048576K
}
Event: 110.266 GC heap after
{Heap after GC invocations=60 (full 0):
 garbage-first heap   total 230400K, used 138869K [0x0000000080000000, 0x0000000100000000)
  region size 1024K, 1 young (1024K), 1 survivors (1024K)
 Metaspace       used 90009K, committed 90752K, reserved 1130496K
  class space    used 12338K, committed 12672K, reserved 1048576K
}
Event: 116.430 GC heap before
{Heap before GC invocations=60 (full 0):
 garbage-first heap   total 230400K, used 186997K [0x0000000080000000, 0x0000000100000000)
  region size 1024K, 40 young (40960K), 1 survivors (1024K)
 Metaspace       used 92018K, committed 92736K, reserved 1130496K
  class space    used 12623K, committed 12928K, reserved 1048576K
}
Event: 116.441 GC heap after
{Heap after GC invocations=61 (full 0):
 garbage-first heap   total 230400K, used 155876K [0x0000000080000000, 0x0000000100000000)
  region size 1024K, 7 young (7168K), 7 survivors (7168K)
 Metaspace       used 92018K, committed 92736K, reserved 1130496K
  class space    used 12623K, committed 12928K, reserved 1048576K
}
Event: 118.447 GC heap before
{Heap before GC invocations=61 (full 0):
 garbage-first heap   total 230400K, used 166116K [0x0000000080000000, 0x0000000100000000)
  region size 1024K, 8 young (8192K), 7 survivors (7168K)
 Metaspace       used 92018K, committed 92736K, reserved 1130496K
  class space    used 12623K, committed 12928K, reserved 1048576K
}
Event: 118.454 GC heap after
{Heap after GC invocations=62 (full 0):
 garbage-first heap   total 230400K, used 166429K [0x0000000080000000, 0x0000000100000000)
  region size 1024K, 1 young (1024K), 1 survivors (1024K)
 Metaspace       used 92018K, committed 92736K, reserved 1130496K
  class space    used 12623K, committed 12928K, reserved 1048576K
}
Event: 142.712 GC heap before
{Heap before GC invocations=63 (full 0):
 garbage-first heap   total 283648K, used 204317K [0x0000000080000000, 0x0000000100000000)
  region size 1024K, 30 young (30720K), 1 survivors (1024K)
 Metaspace       used 97446K, committed 98304K, reserved 1138688K
  class space    used 13370K, committed 13760K, reserved 1048576K
}

