# JRE version: OpenJDK Runtime Environment (17.0.6) (build 17.0.6+0-17.0.6b802.4-9586694)
# Java VM: OpenJDK 64-Bit Server VM (17.0.6+0-17.0.6b802.4-9586694, mixed mode, tiered, compressed oops, compressed class ptrs, g1 gc, linux-amd64)
GC Precious Log:
 CPUs: 4 total, 4 available
 Memory: 3841M
 Large Page Support: Disabled
 NUMA Support: Disabled
 Compressed Oops: Enabled (32-bit)
 Heap Region Size: 1M
 Heap Min Capacity: 8M
 Heap Initial Capacity: 62M
 Heap Max Capacity: 2G
 Pre-touch: Disabled
 Parallel Workers: 4
 Concurrent Workers: 1
 Concurrent Refinement Workers: 4
 Periodic GC: Disabled
Heap:
 garbage-first heap   total 302080K, used 192162K [0x0000000080000000, 0x0000000100000000)
  region size 1024K, 2 young (2048K), 2 survivors (2048K)
 Metaspace       used 147045K, committed 148032K, reserved 1179648K
  class space    used 19826K, committed 20288K, reserved 1048576K
GC Heap History (20 events):
Event: 572.521 GC heap after
{Heap after GC invocations=90 (full 0):
 garbage-first heap   total 302080K, used 163239K [0x0000000080000000, 0x0000000100000000)
  region size 1024K, 2 young (2048K), 2 survivors (2048K)
 Metaspace       used 137321K, committed 138240K, reserved 1171456K
  class space    used 18720K, committed 19136K, reserved 1048576K
}
Event: 576.575 GC heap before
{Heap before GC invocations=90 (full 0):
 garbage-first heap   total 302080K, used 211367K [0x0000000080000000, 0x0000000100000000)
  region size 1024K, 51 young (52224K), 2 survivors (2048K)
 Metaspace       used 137790K, committed 138816K, reserved 1171456K
  class space    used 18767K, committed 19200K, reserved 1048576K
}
Event: 576.595 GC heap after
{Heap after GC invocations=91 (full 0):
 garbage-first heap   total 302080K, used 170042K [0x0000000080000000, 0x0000000100000000)
  region size 1024K, 9 young (9216K), 9 survivors (9216K)
 Metaspace       used 137790K, committed 138816K, reserved 1171456K
  class space    used 18767K, committed 19200K, reserved 1048576K
}
Event: 582.360 GC heap before
{Heap before GC invocations=92 (full 0):
 garbage-first heap   total 302080K, used 270394K [0x0000000080000000, 0x0000000100000000)
  region size 1024K, 84 young (86016K), 9 survivors (9216K)
 Metaspace       used 144635K, committed 145728K, reserved 1179648K
  class space    used 19587K, committed 20096K, reserved 1048576K
}
Event: 582.391 GC heap after
{Heap after GC invocations=93 (full 0):
 garbage-first heap   total 302080K, used 167641K [0x0000000080000000, 0x0000000100000000)
  region size 1024K, 2 young (2048K), 2 survivors (2048K)
 Metaspace       used 144635K, committed 145728K, reserved 1179648K
  class space    used 19587K, committed 20096K, reserved 1048576K
}
Event: 582.947 GC heap before
{Heap before GC invocations=93 (full 0):
 garbage-first heap   total 302080K, used 178905K [0x0000000080000000, 0x0000000100000000)
  region size 1024K, 14 young (14336K), 2 survivors (2048K)
 Metaspace       used 144930K, committed 145984K, reserved 1179648K
  class space    used 19624K, committed 20096K, reserved 1048576K
}
Event: 582.987 GC heap after
{Heap after GC invocations=94 (full 0):
 garbage-first heap   total 302080K, used 145029K [0x0000000080000000, 0x0000000100000000)
  region size 1024K, 2 young (2048K), 2 survivors (2048K)
 Metaspace       used 144930K, committed 145984K, reserved 1179648K
  class space    used 19624K, committed 20096K, reserved 1048576K
}
Event: 584.364 GC heap before
{Heap before GC invocations=94 (full 0):
 garbage-first heap   total 302080K, used 156293K [0x0000000080000000, 0x0000000100000000)
  region size 1024K, 14 young (14336K), 2 survivors (2048K)
 Metaspace       used 145136K, committed 146240K, reserved 1179648K
  class space    used 19647K, committed 20160K, reserved 1048576K
}
Event: 584.379 GC heap after
{Heap after GC invocations=95 (full 0):
 garbage-first heap   total 302080K, used 148238K [0x0000000080000000, 0x0000000100000000)
  region size 1024K, 2 young (2048K), 2 survivors (2048K)
 Metaspace       used 145136K, committed 146240K, reserved 1179648K
  class space    used 19647K, committed 20160K, reserved 1048576K
}
Event: 599.829 GC heap before
{Heap before GC invocations=95 (full 0):
 garbage-first heap   total 302080K, used 212750K [0x0000000080000000, 0x0000000100000000)
  region size 1024K, 67 young (68608K), 2 survivors (2048K)
 Metaspace       used 146760K, committed 147840K, reserved 1179648K
  class space    used 19817K, committed 20288K, reserved 1048576K
}
Event: 599.841 GC heap after
{Heap after GC invocations=96 (full 0):
 garbage-first heap   total 302080K, used 151310K [0x0000000080000000, 0x0000000100000000)
  region size 1024K, 5 young (5120K), 5 survivors (5120K)
 Metaspace       used 146760K, committed 147840K, reserved 1179648K
  class space    used 19817K, committed 20288K, reserved 1048576K
}
Event: 1144.066 GC heap before
{Heap before GC invocations=97 (full 0):
 garbage-first heap   total 302080K, used 258830K [0x0000000080000000, 0x0000000100000000)
  region size 1024K, 93 young (95232K), 5 survivors (5120K)
 Metaspace       used 147025K, committed 148032K, reserved 1179648K
  class space    used 19826K, committed 20288K, reserved 1048576K
}
Event: 1150.771 GC heap after
{Heap after GC invocations=98 (full 0):
 garbage-first heap   total 302080K, used 165664K [0x0000000080000000, 0x0000000100000000)
  region size 1024K, 12 young (12288K), 12 survivors (12288K)
 Metaspace       used 147025K, committed 148032K, reserved 1179648K
  class space    used 19826K, committed 20288K, reserved 1048576K
}
Event: 1150.848 GC heap before
{Heap before GC invocations=98 (full 0):
 garbage-first heap   total 302080K, used 166688K [0x0000000080000000, 0x0000000100000000)
  region size 1024K, 14 young (14336K), 12 survivors (12288K)
 Metaspace       used 147025K, committed 148032K, reserved 1179648K
  class space    used 19826K, committed 20288K, reserved 1048576K
}
Event: 1153.881 GC heap after
{Heap after GC invocations=99 (full 0):
 garbage-first heap   total 302080K, used 167936K [0x0000000080000000, 0x0000000100000000)
  region size 1024K, 2 young (2048K), 2 survivors (2048K)
 Metaspace       used 147025K, committed 148032K, reserved 1179648K
  class space    used 19826K, committed 20288K, reserved 1048576K
}
Event: 1154.118 GC heap before
{Heap before GC invocations=99 (full 0):
 garbage-first heap   total 302080K, used 180224K [0x0000000080000000, 0x0000000100000000)
  region size 1024K, 14 young (14336K), 2 survivors (2048K)
 Metaspace       used 147028K, committed 148032K, reserved 1179648K
  class space    used 19826K, committed 20288K, reserved 1048576K
}
Event: 1155.884 GC heap after
{Heap after GC invocations=100 (full 0):
 garbage-first heap   total 302080K, used 178176K [0x0000000080000000, 0x0000000100000000)
  region size 1024K, 2 young (2048K), 2 survivors (2048K)
 Metaspace       used 147028K, committed 148032K, reserved 1179648K
  class space    used 19826K, committed 20288K, reserved 1048576K
}
Event: 1156.209 GC heap before
{Heap before GC invocations=100 (full 0):
 garbage-first heap   total 302080K, used 190464K [0x0000000080000000, 0x0000000100000000)
  region size 1024K, 14 young (14336K), 2 survivors (2048K)
 Metaspace       used 147031K, committed 148032K, reserved 1179648K
  class space    used 19826K, committed 20288K, reserved 1048576K
}
Event: 1157.016 GC heap after
{Heap after GC invocations=101 (full 0):
 garbage-first heap   total 302080K, used 180221K [0x0000000080000000, 0x0000000100000000)
  region size 1024K, 1 young (1024K), 1 survivors (1024K)
 Metaspace       used 147031K, committed 148032K, reserved 1179648K
  class space    used 19826K, committed 20288K, reserved 1048576K
}
Event: 1158.511 GC heap before
{Heap before GC invocations=101 (full 0):
 garbage-first heap   total 302080K, used 199677K [0x0000000080000000, 0x0000000100000000)
  region size 1024K, 14 young (14336K), 1 survivors (1024K)
 Metaspace       used 147045K, committed 148032K, reserved 1179648K
  class space    used 19826K, committed 20288K, reserved 1048576K
}

