# JRE version: OpenJDK Runtime Environment (17.0.6) (build 17.0.6+0-17.0.6b802.4-9586694)
# Java VM: OpenJDK 64-Bit Server VM (17.0.6+0-17.0.6b802.4-9586694, mixed mode, tiered, compressed oops, compressed class ptrs, g1 gc, linux-amd64)
GC Precious Log:
 CPUs: 4 total, 4 available
 Memory: 3841M
 Large Page Support: Disabled
 NUMA Support: Disabled
 Compressed Oops: Enabled (32-bit)
 Heap Region Size: 1M
 Heap Min Capacity: 8M
 Heap Initial Capacity: 62M
 Heap Max Capacity: 2G
 Pre-touch: Disabled
 Parallel Workers: 4
 Concurrent Workers: 1
 Concurrent Refinement Workers: 4
 Periodic GC: Disabled
Heap:
 garbage-first heap   total 420864K, used 291391K [0x0000000080000000, 0x0000000100000000)
  region size 1024K, 2 young (2048K), 2 survivors (2048K)
 Metaspace       used 121781K, committed 122816K, reserved 1163264K
  class space    used 15829K, committed 16320K, reserved 1048576K
GC Heap History (20 events):
Event: 819.440 GC heap after
{Heap after GC invocations=69 (full 0):
 garbage-first heap   total 420864K, used 275413K [0x0000000080000000, 0x0000000100000000)
  region size 1024K, 4 young (4096K), 4 survivors (4096K)
 Metaspace       used 120481K, committed 121472K, reserved 1155072K
  class space    used 15705K, committed 16192K, reserved 1048576K
}
Event: 1938.877 GC heap before
{Heap before GC invocations=69 (full 0):
 garbage-first heap   total 420864K, used 356309K [0x0000000080000000, 0x0000000100000000)
  region size 1024K, 69 young (70656K), 4 survivors (4096K)
 Metaspace       used 120622K, committed 121600K, reserved 1155072K
  class space    used 15706K, committed 16192K, reserved 1048576K
}
Event: 1942.840 GC heap after
{Heap after GC invocations=70 (full 0):
 garbage-first heap   total 420864K, used 272790K [0x0000000080000000, 0x0000000100000000)
  region size 1024K, 2 young (2048K), 2 survivors (2048K)
 Metaspace       used 120622K, committed 121600K, reserved 1155072K
  class space    used 15706K, committed 16192K, reserved 1048576K
}
Event: 2100.976 GC heap before
{Heap before GC invocations=70 (full 0):
 garbage-first heap   total 420864K, used 290198K [0x0000000080000000, 0x0000000100000000)
  region size 1024K, 20 young (20480K), 2 survivors (2048K)
 Metaspace       used 120644K, committed 121600K, reserved 1155072K
  class space    used 15706K, committed 16192K, reserved 1048576K
}
Event: 2101.581 GC heap after
{Heap after GC invocations=71 (full 0):
 garbage-first heap   total 420864K, used 275122K [0x0000000080000000, 0x0000000100000000)
  region size 1024K, 3 young (3072K), 3 survivors (3072K)
 Metaspace       used 120644K, committed 121600K, reserved 1155072K
  class space    used 15706K, committed 16192K, reserved 1048576K
}
Event: 2132.537 GC heap before
{Heap before GC invocations=71 (full 0):
 garbage-first heap   total 420864K, used 291506K [0x0000000080000000, 0x0000000100000000)
  region size 1024K, 20 young (20480K), 3 survivors (3072K)
 Metaspace       used 120677K, committed 121664K, reserved 1155072K
  class space    used 15708K, committed 16192K, reserved 1048576K
}
Event: 2133.613 GC heap after
{Heap after GC invocations=72 (full 0):
 garbage-first heap   total 420864K, used 276889K [0x0000000080000000, 0x0000000100000000)
  region size 1024K, 3 young (3072K), 3 survivors (3072K)
 Metaspace       used 120677K, committed 121664K, reserved 1155072K
  class space    used 15708K, committed 16192K, reserved 1048576K
}
Event: 2147.172 GC heap before
{Heap before GC invocations=72 (full 0):
 garbage-first heap   total 420864K, used 293273K [0x0000000080000000, 0x0000000100000000)
  region size 1024K, 20 young (20480K), 3 survivors (3072K)
 Metaspace       used 120745K, committed 121728K, reserved 1155072K
  class space    used 15708K, committed 16192K, reserved 1048576K
}
Event: 2150.140 GC heap after
{Heap after GC invocations=73 (full 0):
 garbage-first heap   total 420864K, used 280765K [0x0000000080000000, 0x0000000100000000)
  region size 1024K, 3 young (3072K), 3 survivors (3072K)
 Metaspace       used 120745K, committed 121728K, reserved 1155072K
  class space    used 15708K, committed 16192K, reserved 1048576K
}
Event: 2157.176 GC heap before
{Heap before GC invocations=73 (full 0):
 garbage-first heap   total 420864K, used 297149K [0x0000000080000000, 0x0000000100000000)
  region size 1024K, 20 young (20480K), 3 survivors (3072K)
 Metaspace       used 120778K, committed 121792K, reserved 1163264K
  class space    used 15708K, committed 16192K, reserved 1048576K
}
Event: 2157.219 GC heap after
{Heap after GC invocations=74 (full 0):
 garbage-first heap   total 420864K, used 283577K [0x0000000080000000, 0x0000000100000000)
  region size 1024K, 3 young (3072K), 3 survivors (3072K)
 Metaspace       used 120778K, committed 121792K, reserved 1163264K
  class space    used 15708K, committed 16192K, reserved 1048576K
}
Event: 2187.405 GC heap before
{Heap before GC invocations=74 (full 0):
 garbage-first heap   total 420864K, used 300985K [0x0000000080000000, 0x0000000100000000)
  region size 1024K, 20 young (20480K), 3 survivors (3072K)
 Metaspace       used 121664K, committed 122688K, reserved 1163264K
  class space    used 15821K, committed 16320K, reserved 1048576K
}
Event: 2187.520 GC heap after
{Heap after GC invocations=75 (full 0):
 garbage-first heap   total 420864K, used 284795K [0x0000000080000000, 0x0000000100000000)
  region size 1024K, 2 young (2048K), 2 survivors (2048K)
 Metaspace       used 121664K, committed 122688K, reserved 1163264K
  class space    used 15821K, committed 16320K, reserved 1048576K
}
Event: 2231.603 GC heap before
{Heap before GC invocations=75 (full 0):
 garbage-first heap   total 420864K, used 302203K [0x0000000080000000, 0x0000000100000000)
  region size 1024K, 20 young (20480K), 2 survivors (2048K)
 Metaspace       used 121772K, committed 122752K, reserved 1163264K
  class space    used 15829K, committed 16320K, reserved 1048576K
}
Event: 2231.801 GC heap after
{Heap after GC invocations=76 (full 0):
 garbage-first heap   total 420864K, used 286264K [0x0000000080000000, 0x0000000100000000)
  region size 1024K, 3 young (3072K), 3 survivors (3072K)
 Metaspace       used 121772K, committed 122752K, reserved 1163264K
  class space    used 15829K, committed 16320K, reserved 1048576K
}
Event: 2235.424 GC heap before
{Heap before GC invocations=76 (full 0):
 garbage-first heap   total 420864K, used 303672K [0x0000000080000000, 0x0000000100000000)
  region size 1024K, 20 young (20480K), 3 survivors (3072K)
 Metaspace       used 121772K, committed 122752K, reserved 1163264K
  class space    used 15829K, committed 16320K, reserved 1048576K
}
Event: 2237.118 GC heap after
{Heap after GC invocations=77 (full 0):
 garbage-first heap   total 420864K, used 289464K [0x0000000080000000, 0x0000000100000000)
  region size 1024K, 3 young (3072K), 3 survivors (3072K)
 Metaspace       used 121772K, committed 122752K, reserved 1163264K
  class space    used 15829K, committed 16320K, reserved 1048576K
}
Event: 2237.437 GC heap before
{Heap before GC invocations=77 (full 0):
 garbage-first heap   total 420864K, used 305848K [0x0000000080000000, 0x0000000100000000)
  region size 1024K, 20 young (20480K), 3 survivors (3072K)
 Metaspace       used 121772K, committed 122752K, reserved 1163264K
  class space    used 15829K, committed 16320K, reserved 1048576K
}
Event: 2239.189 GC heap after
{Heap after GC invocations=78 (full 0):
 garbage-first heap   total 420864K, used 291473K [0x0000000080000000, 0x0000000100000000)
  region size 1024K, 2 young (2048K), 2 survivors (2048K)
 Metaspace       used 121772K, committed 122752K, reserved 1163264K
  class space    used 15829K, committed 16320K, reserved 1048576K
}
Event: 2250.881 GC heap before
{Heap before GC invocations=78 (full 0):
 garbage-first heap   total 420864K, used 309905K [0x0000000080000000, 0x0000000100000000)
  region size 1024K, 20 young (20480K), 2 survivors (2048K)
 Metaspace       used 121781K, committed 122816K, reserved 1163264K
  class space    used 15829K, committed 16320K, reserved 1048576K
}

