# JRE version: OpenJDK Runtime Environment (17.0.6) (build 17.0.6+0-17.0.6b802.4-9586694)
# Java VM: OpenJDK 64-Bit Server VM (17.0.6+0-17.0.6b802.4-9586694, mixed mode, tiered, compressed oops, compressed class ptrs, g1 gc, linux-amd64)
GC Precious Log:
 CPUs: 4 total, 4 available
 Memory: 3841M
 Large Page Support: Disabled
 NUMA Support: Disabled
 Compressed Oops: Enabled (32-bit)
 Heap Region Size: 1M
 Heap Min Capacity: 8M
 Heap Initial Capacity: 62M
 Heap Max Capacity: 2G
 Pre-touch: Disabled
 Parallel Workers: 4
 Concurrent Workers: 1
 Concurrent Refinement Workers: 4
 Periodic GC: Disabled
Heap:
 garbage-first heap   total 485376K, used 191886K [0x0000000080000000, 0x0000000100000000)
  region size 1024K, 3 young (3072K), 3 survivors (3072K)
 Metaspace       used 137244K, committed 138304K, reserved 1171456K
  class space    used 18636K, committed 19136K, reserved 1048576K
GC Heap History (20 events):
Event: 1544.135 GC heap after
{Heap after GC invocations=76 (full 0):
 garbage-first heap   total 416768K, used 153702K [0x0000000080000000, 0x0000000100000000)
  region size 1024K, 2 young (2048K), 2 survivors (2048K)
 Metaspace       used 135668K, committed 136768K, reserved 1171456K
  class space    used 18490K, committed 19008K, reserved 1048576K
}
Event: 1792.627 GC heap before
{Heap before GC invocations=76 (full 0):
 garbage-first heap   total 416768K, used 172134K [0x0000000080000000, 0x0000000100000000)
  region size 1024K, 20 young (20480K), 2 survivors (2048K)
 Metaspace       used 135712K, committed 136768K, reserved 1171456K
  class space    used 18490K, committed 19008K, reserved 1048576K
}
Event: 1793.213 GC heap after
{Heap after GC invocations=77 (full 0):
 garbage-first heap   total 416768K, used 154935K [0x0000000080000000, 0x0000000100000000)
  region size 1024K, 3 young (3072K), 3 survivors (3072K)
 Metaspace       used 135712K, committed 136768K, reserved 1171456K
  class space    used 18490K, committed 19008K, reserved 1048576K
}
Event: 1795.895 GC heap before
{Heap before GC invocations=77 (full 0):
 garbage-first heap   total 416768K, used 171319K [0x0000000080000000, 0x0000000100000000)
  region size 1024K, 20 young (20480K), 3 survivors (3072K)
 Metaspace       used 135776K, committed 136832K, reserved 1171456K
  class space    used 18496K, committed 19008K, reserved 1048576K
}
Event: 1796.688 GC heap after
{Heap after GC invocations=78 (full 0):
 garbage-first heap   total 416768K, used 155319K [0x0000000080000000, 0x0000000100000000)
  region size 1024K, 2 young (2048K), 2 survivors (2048K)
 Metaspace       used 135776K, committed 136832K, reserved 1171456K
  class space    used 18496K, committed 19008K, reserved 1048576K
}
Event: 1799.283 GC heap before
{Heap before GC invocations=78 (full 0):
 garbage-first heap   total 416768K, used 172727K [0x0000000080000000, 0x0000000100000000)
  region size 1024K, 20 young (20480K), 2 survivors (2048K)
 Metaspace       used 135848K, committed 136896K, reserved 1171456K
  class space    used 18501K, committed 19008K, reserved 1048576K
}
Event: 1800.975 GC heap after
{Heap after GC invocations=79 (full 0):
 garbage-first heap   total 416768K, used 158806K [0x0000000080000000, 0x0000000100000000)
  region size 1024K, 3 young (3072K), 3 survivors (3072K)
 Metaspace       used 135848K, committed 136896K, reserved 1171456K
  class space    used 18501K, committed 19008K, reserved 1048576K
}
Event: 1809.696 GC heap before
{Heap before GC invocations=79 (full 0):
 garbage-first heap   total 416768K, used 178262K [0x0000000080000000, 0x0000000100000000)
  region size 1024K, 20 young (20480K), 3 survivors (3072K)
 Metaspace       used 135886K, committed 136960K, reserved 1171456K
  class space    used 18501K, committed 19008K, reserved 1048576K
}
Event: 1811.581 GC heap after
{Heap after GC invocations=80 (full 0):
 garbage-first heap   total 484352K, used 165884K [0x0000000080000000, 0x0000000100000000)
  region size 1024K, 3 young (3072K), 3 survivors (3072K)
 Metaspace       used 135886K, committed 136960K, reserved 1171456K
  class space    used 18501K, committed 19008K, reserved 1048576K
}
Event: 1814.152 GC heap before
{Heap before GC invocations=80 (full 0):
 garbage-first heap   total 484352K, used 185340K [0x0000000080000000, 0x0000000100000000)
  region size 1024K, 23 young (23552K), 3 survivors (3072K)
 Metaspace       used 135901K, committed 136960K, reserved 1171456K
  class space    used 18501K, committed 19008K, reserved 1048576K
}
Event: 1821.834 GC heap after
{Heap after GC invocations=81 (full 0):
 garbage-first heap   total 484352K, used 178600K [0x0000000080000000, 0x0000000100000000)
  region size 1024K, 3 young (3072K), 3 survivors (3072K)
 Metaspace       used 135901K, committed 136960K, reserved 1171456K
  class space    used 18501K, committed 19008K, reserved 1048576K
}
Event: 1835.844 GC heap before
{Heap before GC invocations=81 (full 0):
 garbage-first heap   total 484352K, used 199080K [0x0000000080000000, 0x0000000100000000)
  region size 1024K, 23 young (23552K), 3 survivors (3072K)
 Metaspace       used 135953K, committed 137024K, reserved 1171456K
  class space    used 18502K, committed 19008K, reserved 1048576K
}
Event: 1841.058 GC heap after
{Heap after GC invocations=82 (full 0):
 garbage-first heap   total 484352K, used 188500K [0x0000000080000000, 0x0000000100000000)
  region size 1024K, 3 young (3072K), 3 survivors (3072K)
 Metaspace       used 135953K, committed 137024K, reserved 1171456K
  class space    used 18502K, committed 19008K, reserved 1048576K
}
Event: 1881.068 GC heap before
{Heap before GC invocations=82 (full 0):
 garbage-first heap   total 484352K, used 233556K [0x0000000080000000, 0x0000000100000000)
  region size 1024K, 23 young (23552K), 3 survivors (3072K)
 Metaspace       used 136191K, committed 137216K, reserved 1171456K
  class space    used 18531K, committed 19008K, reserved 1048576K
}
Event: 1881.300 GC heap after
{Heap after GC invocations=83 (full 0):
 garbage-first heap   total 484352K, used 190533K [0x0000000080000000, 0x0000000100000000)
  region size 1024K, 1 young (1024K), 1 survivors (1024K)
 Metaspace       used 136191K, committed 137216K, reserved 1171456K
  class space    used 18531K, committed 19008K, reserved 1048576K
}
Event: 1891.771 GC heap before
{Heap before GC invocations=83 (full 0):
 garbage-first heap   total 484352K, used 213061K [0x0000000080000000, 0x0000000100000000)
  region size 1024K, 23 young (23552K), 1 survivors (1024K)
 Metaspace       used 137045K, committed 138112K, reserved 1171456K
  class space    used 18625K, committed 19136K, reserved 1048576K
}
Event: 1891.797 GC heap after
{Heap after GC invocations=84 (full 0):
 garbage-first heap   total 484352K, used 192562K [0x0000000080000000, 0x0000000100000000)
  region size 1024K, 3 young (3072K), 3 survivors (3072K)
 Metaspace       used 137045K, committed 138112K, reserved 1171456K
  class space    used 18625K, committed 19136K, reserved 1048576K
}
Event: 1901.891 GC heap before
{Heap before GC invocations=85 (full 0):
 garbage-first heap   total 484352K, used 208946K [0x0000000080000000, 0x0000000100000000)
  region size 1024K, 23 young (23552K), 3 survivors (3072K)
 Metaspace       used 137229K, committed 138240K, reserved 1171456K
  class space    used 18636K, committed 19136K, reserved 1048576K
}
Event: 1902.179 GC heap after
{Heap after GC invocations=86 (full 0):
 garbage-first heap   total 484352K, used 191773K [0x0000000080000000, 0x0000000100000000)
  region size 1024K, 3 young (3072K), 3 survivors (3072K)
 Metaspace       used 137229K, committed 138240K, reserved 1171456K
  class space    used 18636K, committed 19136K, reserved 1048576K
}
Event: 1910.721 GC heap before
{Heap before GC invocations=86 (full 0):
 garbage-first heap   total 484352K, used 211229K [0x0000000080000000, 0x0000000100000000)
  region size 1024K, 23 young (23552K), 3 survivors (3072K)
 Metaspace       used 137244K, committed 138304K, reserved 1171456K
  class space    used 18636K, committed 19136K, reserved 1048576K
}

