# JRE version: OpenJDK Runtime Environment (17.0.6) (build 17.0.6+0-17.0.6b802.4-9586694)
# Java VM: OpenJDK 64-Bit Server VM (17.0.6+0-17.0.6b802.4-9586694, mixed mode, tiered, compressed oops, compressed class ptrs, g1 gc, linux-amd64)
GC Precious Log:
 CPUs: 4 total, 4 available
 Memory: 3841M
 Large Page Support: Disabled
 NUMA Support: Disabled
 Compressed Oops: Enabled (32-bit)
 Heap Region Size: 1M
 Heap Min Capacity: 8M
 Heap Initial Capacity: 62M
 Heap Max Capacity: 2G
 Pre-touch: Disabled
 Parallel Workers: 4
 Concurrent Workers: 1
 Concurrent Refinement Workers: 4
 Periodic GC: Disabled
Heap:
 garbage-first heap   total 242688K, used 149504K [0x0000000080000000, 0x0000000100000000)
  region size 1024K, 9 young (9216K), 9 survivors (9216K)
 Metaspace       used 113112K, committed 113984K, reserved 1155072K
  class space    used 15039K, committed 15488K, reserved 1048576K
GC Heap History (20 events):
Event: 594.161 GC heap after
{Heap after GC invocations=86 (full 0):
 garbage-first heap   total 230400K, used 124323K [0x0000000080000000, 0x0000000100000000)
  region size 1024K, 2 young (2048K), 2 survivors (2048K)
 Metaspace       used 105550K, committed 106304K, reserved 1146880K
  class space    used 14206K, committed 14592K, reserved 1048576K
}
Event: 597.873 GC heap before
{Heap before GC invocations=86 (full 0):
 garbage-first heap   total 230400K, used 173475K [0x0000000080000000, 0x0000000100000000)
  region size 1024K, 51 young (52224K), 2 survivors (2048K)
 Metaspace       used 105827K, committed 106688K, reserved 1146880K
  class space    used 14228K, committed 14656K, reserved 1048576K
}
Event: 597.890 GC heap after
{Heap after GC invocations=87 (full 0):
 garbage-first heap   total 230400K, used 130117K [0x0000000080000000, 0x0000000100000000)
  region size 1024K, 8 young (8192K), 8 survivors (8192K)
 Metaspace       used 105827K, committed 106688K, reserved 1146880K
  class space    used 14228K, committed 14656K, reserved 1048576K
}
Event: 1117.326 GC heap before
{Heap before GC invocations=88 (full 0):
 garbage-first heap   total 240640K, used 218181K [0x0000000080000000, 0x0000000100000000)
  region size 1024K, 62 young (63488K), 8 survivors (8192K)
 Metaspace       used 106098K, committed 106944K, reserved 1146880K
  class space    used 14242K, committed 14656K, reserved 1048576K
}
Event: 1117.349 GC heap after
{Heap after GC invocations=89 (full 0):
 garbage-first heap   total 240640K, used 133944K [0x0000000080000000, 0x0000000100000000)
  region size 1024K, 5 young (5120K), 5 survivors (5120K)
 Metaspace       used 106098K, committed 106944K, reserved 1146880K
  class space    used 14242K, committed 14656K, reserved 1048576K
}
Event: 1117.564 GC heap before
{Heap before GC invocations=89 (full 0):
 garbage-first heap   total 240640K, used 140088K [0x0000000080000000, 0x0000000100000000)
  region size 1024K, 11 young (11264K), 5 survivors (5120K)
 Metaspace       used 106174K, committed 107008K, reserved 1146880K
  class space    used 14250K, committed 14656K, reserved 1048576K
}
Event: 1117.587 GC heap after
{Heap after GC invocations=90 (full 0):
 garbage-first heap   total 240640K, used 121856K [0x0000000080000000, 0x0000000100000000)
  region size 1024K, 2 young (2048K), 2 survivors (2048K)
 Metaspace       used 106174K, committed 107008K, reserved 1146880K
  class space    used 14250K, committed 14656K, reserved 1048576K
}
Event: 1119.701 GC heap before
{Heap before GC invocations=90 (full 0):
 garbage-first heap   total 240640K, used 140288K [0x0000000080000000, 0x0000000100000000)
  region size 1024K, 21 young (21504K), 2 survivors (2048K)
 Metaspace       used 106413K, committed 107264K, reserved 1146880K
  class space    used 14279K, committed 14720K, reserved 1048576K
}
Event: 1119.714 GC heap after
{Heap after GC invocations=91 (full 0):
 garbage-first heap   total 240640K, used 124023K [0x0000000080000000, 0x0000000100000000)
  region size 1024K, 5 young (5120K), 5 survivors (5120K)
 Metaspace       used 106413K, committed 107264K, reserved 1146880K
  class space    used 14279K, committed 14720K, reserved 1048576K
}
Event: 1124.131 GC heap before
{Heap before GC invocations=92 (full 0):
 garbage-first heap   total 240640K, used 205943K [0x0000000080000000, 0x0000000100000000)
  region size 1024K, 68 young (69632K), 5 survivors (5120K)
 Metaspace       used 110843K, committed 111680K, reserved 1146880K
  class space    used 14822K, committed 15232K, reserved 1048576K
}
Event: 1124.151 GC heap after
{Heap after GC invocations=93 (full 0):
 garbage-first heap   total 240640K, used 124807K [0x0000000080000000, 0x0000000100000000)
  region size 1024K, 6 young (6144K), 6 survivors (6144K)
 Metaspace       used 110843K, committed 111680K, reserved 1146880K
  class space    used 14822K, committed 15232K, reserved 1048576K
}
Event: 1124.609 GC heap before
{Heap before GC invocations=93 (full 0):
 garbage-first heap   total 240640K, used 128903K [0x0000000080000000, 0x0000000100000000)
  region size 1024K, 11 young (11264K), 6 survivors (6144K)
 Metaspace       used 111682K, committed 112512K, reserved 1146880K
  class space    used 14909K, committed 15296K, reserved 1048576K
}
Event: 1124.621 GC heap after
{Heap after GC invocations=94 (full 0):
 garbage-first heap   total 240640K, used 116714K [0x0000000080000000, 0x0000000100000000)
  region size 1024K, 1 young (1024K), 1 survivors (1024K)
 Metaspace       used 111682K, committed 112512K, reserved 1146880K
  class space    used 14909K, committed 15296K, reserved 1048576K
}
Event: 1133.216 GC heap before
{Heap before GC invocations=94 (full 0):
 garbage-first heap   total 240640K, used 185322K [0x0000000080000000, 0x0000000100000000)
  region size 1024K, 70 young (71680K), 1 survivors (1024K)
 Metaspace       used 112818K, committed 113728K, reserved 1155072K
  class space    used 15036K, committed 15488K, reserved 1048576K
}
Event: 1133.236 GC heap after
{Heap after GC invocations=95 (full 0):
 garbage-first heap   total 240640K, used 121275K [0x0000000080000000, 0x0000000100000000)
  region size 1024K, 6 young (6144K), 6 survivors (6144K)
 Metaspace       used 112818K, committed 113728K, reserved 1155072K
  class space    used 15036K, committed 15488K, reserved 1048576K
}
Event: 1282.198 GC heap before
{Heap before GC invocations=96 (full 0):
 garbage-first heap   total 242688K, used 223675K [0x0000000080000000, 0x0000000100000000)
  region size 1024K, 73 young (74752K), 6 survivors (6144K)
 Metaspace       used 113057K, committed 113984K, reserved 1155072K
  class space    used 15039K, committed 15488K, reserved 1048576K
}
Event: 1282.216 GC heap after
{Heap after GC invocations=97 (full 0):
 garbage-first heap   total 242688K, used 129775K [0x0000000080000000, 0x0000000100000000)
  region size 1024K, 10 young (10240K), 10 survivors (10240K)
 Metaspace       used 113057K, committed 113984K, reserved 1155072K
  class space    used 15039K, committed 15488K, reserved 1048576K
}
Event: 1282.224 GC heap before
{Heap before GC invocations=97 (full 0):
 garbage-first heap   total 242688K, used 130799K [0x0000000080000000, 0x0000000100000000)
  region size 1024K, 11 young (11264K), 10 survivors (10240K)
 Metaspace       used 113058K, committed 113984K, reserved 1155072K
  class space    used 15039K, committed 15488K, reserved 1048576K
}
Event: 1282.254 GC heap after
{Heap after GC invocations=98 (full 0):
 garbage-first heap   total 242688K, used 128045K [0x0000000080000000, 0x0000000100000000)
  region size 1024K, 1 young (1024K), 1 survivors (1024K)
 Metaspace       used 113058K, committed 113984K, reserved 1155072K
  class space    used 15039K, committed 15488K, reserved 1048576K
}
Event: 1282.840 GC heap before
{Heap before GC invocations=98 (full 0):
 garbage-first heap   total 242688K, used 162861K [0x0000000080000000, 0x0000000100000000)
  region size 1024K, 36 young (36864K), 1 survivors (1024K)
 Metaspace       used 113112K, committed 113984K, reserved 1155072K
  class space    used 15039K, committed 15488K, reserved 1048576K
}

